{"D:\\Deveducation\\Project_2\\src\\front\\modules\\main.js": {"path":"D:\\Deveducation\\Project_2\\src\\front\\modules\\main.js","statementMap":{"0":{"start":{"line":7,"column":12},"end":{"line":7,"column":40}},"1":{"start":{"line":9,"column":14},"end":{"line":9,"column":55}},"2":{"start":{"line":10,"column":17},"end":{"line":10,"column":57}},"3":{"start":{"line":11,"column":13},"end":{"line":11,"column":49}},"4":{"start":{"line":12,"column":16},"end":{"line":12,"column":59}},"5":{"start":{"line":13,"column":14},"end":{"line":13,"column":51}},"6":{"start":{"line":14,"column":16},"end":{"line":14,"column":59}},"7":{"start":{"line":15,"column":12},"end":{"line":15,"column":47}},"8":{"start":{"line":16,"column":12},"end":{"line":16,"column":42}},"9":{"start":{"line":17,"column":20},"end":{"line":17,"column":65}},"10":{"start":{"line":18,"column":18},"end":{"line":18,"column":54}},"11":{"start":{"line":19,"column":16},"end":{"line":19,"column":50}},"12":{"start":{"line":20,"column":16},"end":{"line":20,"column":50}},"13":{"start":{"line":21,"column":16},"end":{"line":21,"column":50}},"14":{"start":{"line":22,"column":16},"end":{"line":22,"column":50}},"15":{"start":{"line":23,"column":16},"end":{"line":23,"column":50}},"16":{"start":{"line":26,"column":15},"end":{"line":26,"column":48}},"17":{"start":{"line":27,"column":15},"end":{"line":27,"column":48}},"18":{"start":{"line":28,"column":17},"end":{"line":28,"column":64}},"19":{"start":{"line":30,"column":11},"end":{"line":30,"column":18}},"20":{"start":{"line":31,"column":16},"end":{"line":31,"column":20}},"21":{"start":{"line":33,"column":14},"end":{"line":38,"column":1}},"22":{"start":{"line":41,"column":4},"end":{"line":41,"column":44}},"23":{"start":{"line":42,"column":4},"end":{"line":42,"column":41}},"24":{"start":{"line":46,"column":4},"end":{"line":46,"column":44}},"25":{"start":{"line":47,"column":4},"end":{"line":47,"column":41}},"26":{"start":{"line":51,"column":4},"end":{"line":51,"column":21}},"27":{"start":{"line":52,"column":4},"end":{"line":67,"column":5}},"28":{"start":{"line":54,"column":12},"end":{"line":54,"column":24}},"29":{"start":{"line":56,"column":12},"end":{"line":56,"column":27}},"30":{"start":{"line":58,"column":12},"end":{"line":58,"column":28}},"31":{"start":{"line":60,"column":12},"end":{"line":60,"column":29}},"32":{"start":{"line":62,"column":12},"end":{"line":62,"column":27}},"33":{"start":{"line":64,"column":12},"end":{"line":64,"column":31}},"34":{"start":{"line":66,"column":12},"end":{"line":66,"column":27}},"35":{"start":{"line":71,"column":4},"end":{"line":74,"column":7}},"36":{"start":{"line":72,"column":17},"end":{"line":72,"column":39}},"37":{"start":{"line":73,"column":8},"end":{"line":73,"column":50}},"38":{"start":{"line":79,"column":20},"end":{"line":79,"column":69}},"39":{"start":{"line":80,"column":25},"end":{"line":80,"column":33}},"40":{"start":{"line":81,"column":20},"end":{"line":81,"column":55}},"41":{"start":{"line":82,"column":8},"end":{"line":91,"column":8}},"42":{"start":{"line":83,"column":8},"end":{"line":90,"column":11}},"43":{"start":{"line":85,"column":12},"end":{"line":85,"column":36}},"44":{"start":{"line":86,"column":12},"end":{"line":86,"column":45}},"45":{"start":{"line":87,"column":12},"end":{"line":89,"column":21}},"46":{"start":{"line":88,"column":16},"end":{"line":88,"column":46}},"47":{"start":{"line":94,"column":4},"end":{"line":96,"column":7}},"48":{"start":{"line":95,"column":8},"end":{"line":95,"column":15}},"49":{"start":{"line":100,"column":4},"end":{"line":100,"column":18}},"50":{"start":{"line":101,"column":4},"end":{"line":114,"column":7}},"51":{"start":{"line":102,"column":21},"end":{"line":102,"column":31}},"52":{"start":{"line":104,"column":12},"end":{"line":104,"column":30}},"53":{"start":{"line":107,"column":12},"end":{"line":107,"column":27}},"54":{"start":{"line":108,"column":12},"end":{"line":108,"column":27}},"55":{"start":{"line":109,"column":12},"end":{"line":109,"column":23}},"56":{"start":{"line":110,"column":12},"end":{"line":110,"column":26}},"57":{"start":{"line":113,"column":12},"end":{"line":113,"column":30}},"58":{"start":{"line":118,"column":16},"end":{"line":118,"column":65}},"59":{"start":{"line":119,"column":23},"end":{"line":128,"column":5}},"60":{"start":{"line":130,"column":4},"end":{"line":130,"column":18}},"61":{"start":{"line":131,"column":4},"end":{"line":139,"column":8}},"62":{"start":{"line":133,"column":12},"end":{"line":133,"column":26}},"63":{"start":{"line":134,"column":12},"end":{"line":134,"column":45}},"64":{"start":{"line":135,"column":12},"end":{"line":135,"column":36}},"65":{"start":{"line":136,"column":12},"end":{"line":138,"column":21}},"66":{"start":{"line":137,"column":16},"end":{"line":137,"column":46}},"67":{"start":{"line":143,"column":23},"end":{"line":152,"column":5}},"68":{"start":{"line":154,"column":4},"end":{"line":170,"column":5}},"69":{"start":{"line":155,"column":8},"end":{"line":155,"column":41}},"70":{"start":{"line":156,"column":8},"end":{"line":158,"column":17}},"71":{"start":{"line":157,"column":12},"end":{"line":157,"column":42}},"72":{"start":{"line":160,"column":8},"end":{"line":160,"column":22}},"73":{"start":{"line":161,"column":8},"end":{"line":169,"column":11}},"74":{"start":{"line":163,"column":12},"end":{"line":163,"column":26}},"75":{"start":{"line":164,"column":12},"end":{"line":164,"column":45}},"76":{"start":{"line":165,"column":12},"end":{"line":167,"column":21}},"77":{"start":{"line":166,"column":16},"end":{"line":166,"column":46}},"78":{"start":{"line":168,"column":12},"end":{"line":168,"column":36}},"79":{"start":{"line":173,"column":0},"end":{"line":178,"column":3}},"80":{"start":{"line":174,"column":4},"end":{"line":174,"column":23}},"81":{"start":{"line":175,"column":4},"end":{"line":175,"column":38}},"82":{"start":{"line":176,"column":4},"end":{"line":176,"column":39}},"83":{"start":{"line":177,"column":4},"end":{"line":177,"column":20}},"84":{"start":{"line":180,"column":0},"end":{"line":180,"column":45}},"85":{"start":{"line":181,"column":0},"end":{"line":181,"column":45}},"86":{"start":{"line":183,"column":24},"end":{"line":183,"column":66}},"87":{"start":{"line":185,"column":0},"end":{"line":189,"column":3}},"88":{"start":{"line":186,"column":15},"end":{"line":186,"column":28}},"89":{"start":{"line":187,"column":18},"end":{"line":187,"column":28}},"90":{"start":{"line":188,"column":4},"end":{"line":188,"column":21}},"91":{"start":{"line":191,"column":23},"end":{"line":191,"column":64}},"92":{"start":{"line":193,"column":0},"end":{"line":197,"column":3}},"93":{"start":{"line":194,"column":15},"end":{"line":194,"column":28}},"94":{"start":{"line":195,"column":18},"end":{"line":195,"column":28}},"95":{"start":{"line":196,"column":4},"end":{"line":196,"column":21}},"96":{"start":{"line":200,"column":4},"end":{"line":200,"column":18}},"97":{"start":{"line":201,"column":4},"end":{"line":215,"column":7}},"98":{"start":{"line":202,"column":17},"end":{"line":202,"column":27}},"99":{"start":{"line":204,"column":8},"end":{"line":204,"column":26}},"100":{"start":{"line":205,"column":8},"end":{"line":205,"column":38}},"101":{"start":{"line":208,"column":8},"end":{"line":208,"column":23}},"102":{"start":{"line":209,"column":8},"end":{"line":209,"column":23}},"103":{"start":{"line":210,"column":8},"end":{"line":210,"column":19}},"104":{"start":{"line":211,"column":8},"end":{"line":211,"column":22}},"105":{"start":{"line":214,"column":8},"end":{"line":214,"column":50}},"106":{"start":{"line":218,"column":32},"end":{"line":218,"column":74}},"107":{"start":{"line":219,"column":31},"end":{"line":219,"column":72}},"108":{"start":{"line":220,"column":8},"end":{"line":222,"column":9}},"109":{"start":{"line":221,"column":12},"end":{"line":221,"column":30}},"110":{"start":{"line":223,"column":8},"end":{"line":231,"column":9}},"111":{"start":{"line":224,"column":27},"end":{"line":224,"column":29}},"112":{"start":{"line":225,"column":12},"end":{"line":229,"column":15}},"113":{"start":{"line":226,"column":16},"end":{"line":228,"column":17}},"114":{"start":{"line":227,"column":20},"end":{"line":227,"column":43}},"115":{"start":{"line":230,"column":12},"end":{"line":230,"column":33}},"116":{"start":{"line":232,"column":8},"end":{"line":240,"column":9}},"117":{"start":{"line":233,"column":27},"end":{"line":233,"column":29}},"118":{"start":{"line":234,"column":12},"end":{"line":238,"column":15}},"119":{"start":{"line":235,"column":16},"end":{"line":237,"column":17}},"120":{"start":{"line":236,"column":20},"end":{"line":236,"column":43}},"121":{"start":{"line":239,"column":12},"end":{"line":239,"column":33}},"122":{"start":{"line":241,"column":8},"end":{"line":249,"column":9}},"123":{"start":{"line":242,"column":27},"end":{"line":242,"column":29}},"124":{"start":{"line":243,"column":12},"end":{"line":247,"column":15}},"125":{"start":{"line":244,"column":16},"end":{"line":246,"column":17}},"126":{"start":{"line":245,"column":20},"end":{"line":245,"column":43}},"127":{"start":{"line":248,"column":12},"end":{"line":248,"column":34}},"128":{"start":{"line":254,"column":16},"end":{"line":254,"column":103}},"129":{"start":{"line":255,"column":4},"end":{"line":262,"column":10}},"130":{"start":{"line":257,"column":12},"end":{"line":257,"column":36}},"131":{"start":{"line":258,"column":12},"end":{"line":258,"column":45}},"132":{"start":{"line":259,"column":12},"end":{"line":261,"column":21}},"133":{"start":{"line":260,"column":16},"end":{"line":260,"column":46}},"134":{"start":{"line":265,"column":0},"end":{"line":265,"column":44}},"135":{"start":{"line":267,"column":0},"end":{"line":267,"column":18}},"136":{"start":{"line":268,"column":0},"end":{"line":268,"column":24}},"137":{"start":{"line":273,"column":18},"end":{"line":273,"column":50}},"138":{"start":{"line":274,"column":4},"end":{"line":274,"column":25}},"139":{"start":{"line":275,"column":4},"end":{"line":290,"column":5}},"140":{"start":{"line":275,"column":16},"end":{"line":275,"column":17}},"141":{"start":{"line":276,"column":26},"end":{"line":276,"column":54}},"142":{"start":{"line":277,"column":8},"end":{"line":277,"column":45}},"143":{"start":{"line":278,"column":8},"end":{"line":278,"column":58}},"144":{"start":{"line":279,"column":8},"end":{"line":288,"column":10}},"145":{"start":{"line":289,"column":8},"end":{"line":289,"column":32}}},"fnMap":{"0":{"name":"main","decl":{"start":{"line":5,"column":9},"end":{"line":5,"column":13}},"loc":{"start":{"line":5,"column":15},"end":{"line":270,"column":1}},"line":5},"1":{"name":"spinnerShow","decl":{"start":{"line":40,"column":9},"end":{"line":40,"column":20}},"loc":{"start":{"line":40,"column":22},"end":{"line":43,"column":1}},"line":40},"2":{"name":"spinnerHide","decl":{"start":{"line":45,"column":9},"end":{"line":45,"column":20}},"loc":{"start":{"line":45,"column":22},"end":{"line":48,"column":1}},"line":45},"3":{"name":"nameDB","decl":{"start":{"line":50,"column":9},"end":{"line":50,"column":15}},"loc":{"start":{"line":50,"column":20},"end":{"line":68,"column":1}},"line":50},"4":{"name":"getIdPersons","decl":{"start":{"line":70,"column":9},"end":{"line":70,"column":21}},"loc":{"start":{"line":70,"column":23},"end":{"line":75,"column":1}},"line":70},"5":{"name":"(anonymous_5)","decl":{"start":{"line":71,"column":36},"end":{"line":71,"column":37}},"loc":{"start":{"line":71,"column":43},"end":{"line":74,"column":5}},"line":71},"6":{"name":"deleteBtnPerson","decl":{"start":{"line":77,"column":9},"end":{"line":77,"column":24}},"loc":{"start":{"line":77,"column":26},"end":{"line":97,"column":1}},"line":77},"7":{"name":"del","decl":{"start":{"line":78,"column":13},"end":{"line":78,"column":16}},"loc":{"start":{"line":78,"column":19},"end":{"line":92,"column":5}},"line":78},"8":{"name":"(anonymous_8)","decl":{"start":{"line":84,"column":14},"end":{"line":84,"column":15}},"loc":{"start":{"line":84,"column":20},"end":{"line":90,"column":9}},"line":84},"9":{"name":"(anonymous_9)","decl":{"start":{"line":87,"column":23},"end":{"line":87,"column":24}},"loc":{"start":{"line":87,"column":28},"end":{"line":89,"column":13}},"line":87},"10":{"name":"(anonymous_10)","decl":{"start":{"line":94,"column":36},"end":{"line":94,"column":37}},"loc":{"start":{"line":94,"column":43},"end":{"line":96,"column":5}},"line":94},"11":{"name":"getDefaultPersons","decl":{"start":{"line":99,"column":9},"end":{"line":99,"column":26}},"loc":{"start":{"line":99,"column":36},"end":{"line":115,"column":1}},"line":99},"12":{"name":"(anonymous_12)","decl":{"start":{"line":102,"column":14},"end":{"line":102,"column":15}},"loc":{"start":{"line":102,"column":21},"end":{"line":102,"column":31}},"line":102},"13":{"name":"(anonymous_13)","decl":{"start":{"line":103,"column":14},"end":{"line":103,"column":15}},"loc":{"start":{"line":103,"column":24},"end":{"line":105,"column":10}},"line":103},"14":{"name":"(anonymous_14)","decl":{"start":{"line":106,"column":14},"end":{"line":106,"column":15}},"loc":{"start":{"line":106,"column":20},"end":{"line":111,"column":10}},"line":106},"15":{"name":"(anonymous_15)","decl":{"start":{"line":112,"column":15},"end":{"line":112,"column":16}},"loc":{"start":{"line":112,"column":21},"end":{"line":114,"column":5}},"line":112},"16":{"name":"putPersons","decl":{"start":{"line":117,"column":9},"end":{"line":117,"column":19}},"loc":{"start":{"line":117,"column":21},"end":{"line":140,"column":1}},"line":117},"17":{"name":"(anonymous_17)","decl":{"start":{"line":132,"column":14},"end":{"line":132,"column":15}},"loc":{"start":{"line":132,"column":20},"end":{"line":139,"column":6}},"line":132},"18":{"name":"(anonymous_18)","decl":{"start":{"line":136,"column":23},"end":{"line":136,"column":24}},"loc":{"start":{"line":136,"column":28},"end":{"line":138,"column":13}},"line":136},"19":{"name":"addPersons","decl":{"start":{"line":142,"column":9},"end":{"line":142,"column":19}},"loc":{"start":{"line":142,"column":21},"end":{"line":171,"column":1}},"line":142},"20":{"name":"(anonymous_20)","decl":{"start":{"line":156,"column":19},"end":{"line":156,"column":20}},"loc":{"start":{"line":156,"column":24},"end":{"line":158,"column":9}},"line":156},"21":{"name":"(anonymous_21)","decl":{"start":{"line":162,"column":14},"end":{"line":162,"column":15}},"loc":{"start":{"line":162,"column":20},"end":{"line":169,"column":9}},"line":162},"22":{"name":"(anonymous_22)","decl":{"start":{"line":165,"column":23},"end":{"line":165,"column":24}},"loc":{"start":{"line":165,"column":28},"end":{"line":167,"column":13}},"line":165},"23":{"name":"(anonymous_23)","decl":{"start":{"line":173,"column":38},"end":{"line":173,"column":39}},"loc":{"start":{"line":173,"column":43},"end":{"line":178,"column":1}},"line":173},"24":{"name":"(anonymous_24)","decl":{"start":{"line":185,"column":43},"end":{"line":185,"column":44}},"loc":{"start":{"line":185,"column":54},"end":{"line":189,"column":1}},"line":185},"25":{"name":"(anonymous_25)","decl":{"start":{"line":193,"column":42},"end":{"line":193,"column":43}},"loc":{"start":{"line":193,"column":52},"end":{"line":197,"column":1}},"line":193},"26":{"name":"searchBar","decl":{"start":{"line":199,"column":9},"end":{"line":199,"column":18}},"loc":{"start":{"line":199,"column":24},"end":{"line":251,"column":1}},"line":199},"27":{"name":"(anonymous_27)","decl":{"start":{"line":202,"column":10},"end":{"line":202,"column":11}},"loc":{"start":{"line":202,"column":17},"end":{"line":202,"column":27}},"line":202},"28":{"name":"(anonymous_28)","decl":{"start":{"line":203,"column":10},"end":{"line":203,"column":11}},"loc":{"start":{"line":203,"column":20},"end":{"line":206,"column":6}},"line":203},"29":{"name":"(anonymous_29)","decl":{"start":{"line":207,"column":11},"end":{"line":207,"column":12}},"loc":{"start":{"line":207,"column":17},"end":{"line":212,"column":6}},"line":207},"30":{"name":"(anonymous_30)","decl":{"start":{"line":213,"column":11},"end":{"line":213,"column":12}},"loc":{"start":{"line":213,"column":17},"end":{"line":215,"column":5}},"line":213},"31":{"name":"filterArray","decl":{"start":{"line":217,"column":13},"end":{"line":217,"column":24}},"loc":{"start":{"line":217,"column":31},"end":{"line":250,"column":5}},"line":217},"32":{"name":"(anonymous_32)","decl":{"start":{"line":225,"column":26},"end":{"line":225,"column":27}},"loc":{"start":{"line":225,"column":37},"end":{"line":229,"column":13}},"line":225},"33":{"name":"(anonymous_33)","decl":{"start":{"line":234,"column":26},"end":{"line":234,"column":27}},"loc":{"start":{"line":234,"column":37},"end":{"line":238,"column":13}},"line":234},"34":{"name":"(anonymous_34)","decl":{"start":{"line":243,"column":26},"end":{"line":243,"column":27}},"loc":{"start":{"line":243,"column":37},"end":{"line":247,"column":13}},"line":243},"35":{"name":"clerAll","decl":{"start":{"line":253,"column":9},"end":{"line":253,"column":16}},"loc":{"start":{"line":253,"column":18},"end":{"line":263,"column":1}},"line":253},"36":{"name":"(anonymous_36)","decl":{"start":{"line":256,"column":14},"end":{"line":256,"column":15}},"loc":{"start":{"line":256,"column":20},"end":{"line":262,"column":9}},"line":256},"37":{"name":"(anonymous_37)","decl":{"start":{"line":259,"column":23},"end":{"line":259,"column":24}},"loc":{"start":{"line":259,"column":28},"end":{"line":261,"column":13}},"line":259},"38":{"name":"renderTable","decl":{"start":{"line":272,"column":16},"end":{"line":272,"column":27}},"loc":{"start":{"line":272,"column":34},"end":{"line":291,"column":1}},"line":272}},"branchMap":{"0":{"loc":{"start":{"line":52,"column":4},"end":{"line":67,"column":5}},"type":"switch","locations":[{"start":{"line":53,"column":8},"end":{"line":54,"column":24}},{"start":{"line":55,"column":8},"end":{"line":56,"column":27}},{"start":{"line":57,"column":8},"end":{"line":58,"column":28}},{"start":{"line":59,"column":8},"end":{"line":60,"column":29}},{"start":{"line":61,"column":8},"end":{"line":62,"column":27}},{"start":{"line":63,"column":8},"end":{"line":64,"column":31}},{"start":{"line":65,"column":8},"end":{"line":66,"column":27}}],"line":52},"1":{"loc":{"start":{"line":82,"column":8},"end":{"line":91,"column":8}},"type":"if","locations":[{"start":{"line":82,"column":8},"end":{"line":91,"column":8}},{"start":{"line":82,"column":8},"end":{"line":91,"column":8}}],"line":82},"2":{"loc":{"start":{"line":154,"column":4},"end":{"line":170,"column":5}},"type":"if","locations":[{"start":{"line":154,"column":4},"end":{"line":170,"column":5}},{"start":{"line":154,"column":4},"end":{"line":170,"column":5}}],"line":154},"3":{"loc":{"start":{"line":154,"column":7},"end":{"line":154,"column":161}},"type":"binary-expr","locations":[{"start":{"line":154,"column":7},"end":{"line":154,"column":25}},{"start":{"line":154,"column":29},"end":{"line":154,"column":50}},{"start":{"line":154,"column":54},"end":{"line":154,"column":70}},{"start":{"line":154,"column":74},"end":{"line":154,"column":91}},{"start":{"line":154,"column":95},"end":{"line":154,"column":115}},{"start":{"line":154,"column":119},"end":{"line":154,"column":137}},{"start":{"line":154,"column":141},"end":{"line":154,"column":161}}],"line":154},"4":{"loc":{"start":{"line":220,"column":8},"end":{"line":222,"column":9}},"type":"if","locations":[{"start":{"line":220,"column":8},"end":{"line":222,"column":9}},{"start":{"line":220,"column":8},"end":{"line":222,"column":9}}],"line":220},"5":{"loc":{"start":{"line":220,"column":12},"end":{"line":220,"column":59}},"type":"binary-expr","locations":[{"start":{"line":220,"column":12},"end":{"line":220,"column":34}},{"start":{"line":220,"column":38},"end":{"line":220,"column":59}}],"line":220},"6":{"loc":{"start":{"line":223,"column":8},"end":{"line":231,"column":9}},"type":"if","locations":[{"start":{"line":223,"column":8},"end":{"line":231,"column":9}},{"start":{"line":223,"column":8},"end":{"line":231,"column":9}}],"line":223},"7":{"loc":{"start":{"line":223,"column":11},"end":{"line":223,"column":57}},"type":"binary-expr","locations":[{"start":{"line":223,"column":11},"end":{"line":223,"column":32}},{"start":{"line":223,"column":36},"end":{"line":223,"column":57}}],"line":223},"8":{"loc":{"start":{"line":226,"column":16},"end":{"line":228,"column":17}},"type":"if","locations":[{"start":{"line":226,"column":16},"end":{"line":228,"column":17}},{"start":{"line":226,"column":16},"end":{"line":228,"column":17}}],"line":226},"9":{"loc":{"start":{"line":232,"column":8},"end":{"line":240,"column":9}},"type":"if","locations":[{"start":{"line":232,"column":8},"end":{"line":240,"column":9}},{"start":{"line":232,"column":8},"end":{"line":240,"column":9}}],"line":232},"10":{"loc":{"start":{"line":232,"column":11},"end":{"line":232,"column":57}},"type":"binary-expr","locations":[{"start":{"line":232,"column":11},"end":{"line":232,"column":33}},{"start":{"line":232,"column":37},"end":{"line":232,"column":57}}],"line":232},"11":{"loc":{"start":{"line":235,"column":16},"end":{"line":237,"column":17}},"type":"if","locations":[{"start":{"line":235,"column":16},"end":{"line":237,"column":17}},{"start":{"line":235,"column":16},"end":{"line":237,"column":17}}],"line":235},"12":{"loc":{"start":{"line":241,"column":8},"end":{"line":249,"column":9}},"type":"if","locations":[{"start":{"line":241,"column":8},"end":{"line":249,"column":9}},{"start":{"line":241,"column":8},"end":{"line":249,"column":9}}],"line":241},"13":{"loc":{"start":{"line":241,"column":11},"end":{"line":241,"column":56}},"type":"binary-expr","locations":[{"start":{"line":241,"column":11},"end":{"line":241,"column":32}},{"start":{"line":241,"column":36},"end":{"line":241,"column":56}}],"line":241},"14":{"loc":{"start":{"line":244,"column":16},"end":{"line":246,"column":17}},"type":"if","locations":[{"start":{"line":244,"column":16},"end":{"line":246,"column":17}},{"start":{"line":244,"column":16},"end":{"line":246,"column":17}}],"line":244},"15":{"loc":{"start":{"line":244,"column":19},"end":{"line":244,"column":111}},"type":"binary-expr","locations":[{"start":{"line":244,"column":19},"end":{"line":244,"column":63}},{"start":{"line":244,"column":67},"end":{"line":244,"column":111}}],"line":244}},"s":{"0":0,"1":0,"2":0,"3":0,"4":0,"5":0,"6":0,"7":0,"8":0,"9":0,"10":0,"11":0,"12":0,"13":0,"14":0,"15":0,"16":0,"17":0,"18":0,"19":0,"20":0,"21":0,"22":0,"23":0,"24":0,"25":0,"26":0,"27":0,"28":0,"29":0,"30":0,"31":0,"32":0,"33":0,"34":0,"35":0,"36":0,"37":0,"38":0,"39":0,"40":0,"41":0,"42":0,"43":0,"44":0,"45":0,"46":0,"47":0,"48":0,"49":0,"50":0,"51":0,"52":0,"53":0,"54":0,"55":0,"56":0,"57":0,"58":0,"59":0,"60":0,"61":0,"62":0,"63":0,"64":0,"65":0,"66":0,"67":0,"68":0,"69":0,"70":0,"71":0,"72":0,"73":0,"74":0,"75":0,"76":0,"77":0,"78":0,"79":0,"80":0,"81":0,"82":0,"83":0,"84":0,"85":0,"86":0,"87":0,"88":0,"89":0,"90":0,"91":0,"92":0,"93":0,"94":0,"95":0,"96":0,"97":0,"98":0,"99":0,"100":0,"101":0,"102":0,"103":0,"104":0,"105":0,"106":0,"107":0,"108":0,"109":0,"110":0,"111":0,"112":0,"113":0,"114":0,"115":0,"116":0,"117":0,"118":0,"119":0,"120":0,"121":0,"122":0,"123":0,"124":0,"125":0,"126":0,"127":0,"128":0,"129":0,"130":0,"131":0,"132":0,"133":0,"134":0,"135":0,"136":0,"137":0,"138":0,"139":0,"140":0,"141":0,"142":0,"143":0,"144":0,"145":0},"f":{"0":0,"1":0,"2":0,"3":0,"4":0,"5":0,"6":0,"7":0,"8":0,"9":0,"10":0,"11":0,"12":0,"13":0,"14":0,"15":0,"16":0,"17":0,"18":0,"19":0,"20":0,"21":0,"22":0,"23":0,"24":0,"25":0,"26":0,"27":0,"28":0,"29":0,"30":0,"31":0,"32":0,"33":0,"34":0,"35":0,"36":0,"37":0,"38":0},"b":{"0":[0,0,0,0,0,0,0],"1":[0,0],"2":[0,0],"3":[0,0,0,0,0,0,0],"4":[0,0],"5":[0,0],"6":[0,0],"7":[0,0],"8":[0,0],"9":[0,0],"10":[0,0],"11":[0,0],"12":[0,0],"13":[0,0],"14":[0,0],"15":[0,0]},"_coverageSchema":"1a1c01bbd47fc00a2c39e90264f33305004495a9","hash":"0bcff57f74141cd45e457829a9ae897296850b30"}
,"D:\\Deveducation\\Project_2\\src\\front\\modules\\request.js": {"path":"D:\\Deveducation\\Project_2\\src\\front\\modules\\request.js","statementMap":{"0":{"start":{"line":2,"column":18},"end":{"line":4,"column":6}},"1":{"start":{"line":5,"column":4},"end":{"line":5,"column":64}},"2":{"start":{"line":9,"column":18},"end":{"line":9,"column":36}},"3":{"start":{"line":10,"column":4},"end":{"line":17,"column":12}},"4":{"start":{"line":22,"column":18},"end":{"line":22,"column":36}},"5":{"start":{"line":23,"column":4},"end":{"line":30,"column":8}},"6":{"start":{"line":35,"column":18},"end":{"line":35,"column":36}},"7":{"start":{"line":36,"column":4},"end":{"line":41,"column":12}},"8":{"start":{"line":46,"column":18},"end":{"line":46,"column":36}},"9":{"start":{"line":47,"column":4},"end":{"line":52,"column":8}}},"fnMap":{"0":{"name":"getCookie","decl":{"start":{"line":1,"column":9},"end":{"line":1,"column":18}},"loc":{"start":{"line":1,"column":25},"end":{"line":6,"column":3}},"line":1},"1":{"name":"postRequest","decl":{"start":{"line":8,"column":16},"end":{"line":8,"column":27}},"loc":{"start":{"line":8,"column":37},"end":{"line":19,"column":1}},"line":8},"2":{"name":"putRequest","decl":{"start":{"line":21,"column":16},"end":{"line":21,"column":26}},"loc":{"start":{"line":21,"column":36},"end":{"line":32,"column":1}},"line":21},"3":{"name":"getRequest","decl":{"start":{"line":34,"column":16},"end":{"line":34,"column":26}},"loc":{"start":{"line":34,"column":31},"end":{"line":43,"column":1}},"line":34},"4":{"name":"deleteRequest","decl":{"start":{"line":45,"column":16},"end":{"line":45,"column":29}},"loc":{"start":{"line":45,"column":34},"end":{"line":53,"column":1}},"line":45}},"branchMap":{"0":{"loc":{"start":{"line":5,"column":11},"end":{"line":5,"column":63}},"type":"cond-expr","locations":[{"start":{"line":5,"column":21},"end":{"line":5,"column":51}},{"start":{"line":5,"column":54},"end":{"line":5,"column":63}}],"line":5}},"s":{"0":0,"1":0,"2":0,"3":0,"4":0,"5":0,"6":0,"7":0,"8":0,"9":0},"f":{"0":0,"1":0,"2":0,"3":0,"4":0},"b":{"0":[0,0]},"_coverageSchema":"1a1c01bbd47fc00a2c39e90264f33305004495a9","hash":"8216ce79cdc60d62f6796bbf82613436213055c1"}
,"D:\\Deveducation\\Project_2\\src\\front\\modules\\main-page\\deletePerson.js": {"path":"D:\\Deveducation\\Project_2\\src\\front\\modules\\main-page\\deletePerson.js","statementMap":{"0":{"start":{"line":2,"column":27},"end":{"line":2,"column":68}},"1":{"start":{"line":3,"column":26},"end":{"line":3,"column":66}},"2":{"start":{"line":4,"column":21},"end":{"line":4,"column":56}},"3":{"start":{"line":5,"column":22},"end":{"line":5,"column":58}},"4":{"start":{"line":6,"column":29},"end":{"line":6,"column":72}},"5":{"start":{"line":7,"column":23},"end":{"line":7,"column":60}},"6":{"start":{"line":8,"column":29},"end":{"line":8,"column":72}},"7":{"start":{"line":9,"column":23},"end":{"line":9,"column":56}},"8":{"start":{"line":10,"column":23},"end":{"line":10,"column":56}},"9":{"start":{"line":11,"column":4},"end":{"line":11,"column":32}},"10":{"start":{"line":12,"column":4},"end":{"line":12,"column":31}},"11":{"start":{"line":14,"column":18},"end":{"line":14,"column":50}},"12":{"start":{"line":15,"column":20},"end":{"line":15,"column":59}},"13":{"start":{"line":16,"column":21},"end":{"line":16,"column":25}},"14":{"start":{"line":17,"column":26},"end":{"line":17,"column":36}},"15":{"start":{"line":19,"column":4},"end":{"line":47,"column":6}},"16":{"start":{"line":20,"column":25},"end":{"line":20,"column":47}},"17":{"start":{"line":21,"column":8},"end":{"line":46,"column":9}},"18":{"start":{"line":22,"column":12},"end":{"line":45,"column":14}},"19":{"start":{"line":23,"column":16},"end":{"line":44,"column":17}},"20":{"start":{"line":24,"column":20},"end":{"line":41,"column":21}},"21":{"start":{"line":25,"column":24},"end":{"line":25,"column":66}},"22":{"start":{"line":26,"column":24},"end":{"line":26,"column":42}},"23":{"start":{"line":27,"column":24},"end":{"line":27,"column":52}},"24":{"start":{"line":28,"column":24},"end":{"line":28,"column":51}},"25":{"start":{"line":29,"column":24},"end":{"line":37,"column":27}},"26":{"start":{"line":39,"column":24},"end":{"line":39,"column":47}},"27":{"start":{"line":40,"column":24},"end":{"line":40,"column":63}},"28":{"start":{"line":43,"column":20},"end":{"line":43,"column":62}},"29":{"start":{"line":49,"column":4},"end":{"line":70,"column":6}},"30":{"start":{"line":50,"column":8},"end":{"line":50,"column":35}},"31":{"start":{"line":51,"column":8},"end":{"line":51,"column":36}},"32":{"start":{"line":52,"column":25},"end":{"line":52,"column":47}},"33":{"start":{"line":53,"column":8},"end":{"line":69,"column":9}},"34":{"start":{"line":54,"column":34},"end":{"line":54,"column":73}},"35":{"start":{"line":55,"column":33},"end":{"line":55,"column":71}},"36":{"start":{"line":56,"column":28},"end":{"line":56,"column":61}},"37":{"start":{"line":57,"column":29},"end":{"line":57,"column":63}},"38":{"start":{"line":58,"column":36},"end":{"line":58,"column":77}},"39":{"start":{"line":59,"column":30},"end":{"line":59,"column":65}},"40":{"start":{"line":60,"column":36},"end":{"line":60,"column":77}},"41":{"start":{"line":62,"column":12},"end":{"line":62,"column":61}},"42":{"start":{"line":63,"column":12},"end":{"line":63,"column":59}},"43":{"start":{"line":64,"column":12},"end":{"line":64,"column":49}},"44":{"start":{"line":65,"column":12},"end":{"line":65,"column":51}},"45":{"start":{"line":66,"column":12},"end":{"line":66,"column":65}},"46":{"start":{"line":67,"column":12},"end":{"line":67,"column":53}},"47":{"start":{"line":68,"column":12},"end":{"line":68,"column":65}},"48":{"start":{"line":73,"column":84},"end":{"line":73,"column":90}},"49":{"start":{"line":74,"column":8},"end":{"line":74,"column":29}},"50":{"start":{"line":75,"column":8},"end":{"line":75,"column":28}},"51":{"start":{"line":76,"column":8},"end":{"line":76,"column":23}},"52":{"start":{"line":77,"column":8},"end":{"line":77,"column":24}},"53":{"start":{"line":78,"column":8},"end":{"line":78,"column":31}},"54":{"start":{"line":79,"column":8},"end":{"line":79,"column":25}},"55":{"start":{"line":80,"column":8},"end":{"line":80,"column":31}}},"fnMap":{"0":{"name":"deletePerson","decl":{"start":{"line":1,"column":24},"end":{"line":1,"column":36}},"loc":{"start":{"line":1,"column":40},"end":{"line":82,"column":1}},"line":1},"1":{"name":"(anonymous_1)","decl":{"start":{"line":19,"column":36},"end":{"line":19,"column":37}},"loc":{"start":{"line":19,"column":48},"end":{"line":47,"column":5}},"line":19},"2":{"name":"(anonymous_2)","decl":{"start":{"line":22,"column":28},"end":{"line":22,"column":29}},"loc":{"start":{"line":22,"column":41},"end":{"line":45,"column":13}},"line":22},"3":{"name":"(anonymous_3)","decl":{"start":{"line":49,"column":39},"end":{"line":49,"column":40}},"loc":{"start":{"line":49,"column":51},"end":{"line":70,"column":5}},"line":49},"4":{"name":"clearInputs","decl":{"start":{"line":72,"column":13},"end":{"line":72,"column":24}},"loc":{"start":{"line":72,"column":34},"end":{"line":81,"column":5}},"line":72}},"branchMap":{"0":{"loc":{"start":{"line":21,"column":8},"end":{"line":46,"column":9}},"type":"if","locations":[{"start":{"line":21,"column":8},"end":{"line":46,"column":9}},{"start":{"line":21,"column":8},"end":{"line":46,"column":9}}],"line":21},"1":{"loc":{"start":{"line":23,"column":16},"end":{"line":44,"column":17}},"type":"if","locations":[{"start":{"line":23,"column":16},"end":{"line":44,"column":17}},{"start":{"line":23,"column":16},"end":{"line":44,"column":17}}],"line":23},"2":{"loc":{"start":{"line":24,"column":20},"end":{"line":41,"column":21}},"type":"if","locations":[{"start":{"line":24,"column":20},"end":{"line":41,"column":21}},{"start":{"line":24,"column":20},"end":{"line":41,"column":21}}],"line":24},"3":{"loc":{"start":{"line":53,"column":8},"end":{"line":69,"column":9}},"type":"if","locations":[{"start":{"line":53,"column":8},"end":{"line":69,"column":9}},{"start":{"line":53,"column":8},"end":{"line":69,"column":9}}],"line":53}},"s":{"0":0,"1":0,"2":0,"3":0,"4":0,"5":0,"6":0,"7":0,"8":0,"9":0,"10":0,"11":0,"12":0,"13":0,"14":0,"15":0,"16":0,"17":0,"18":0,"19":0,"20":0,"21":0,"22":0,"23":0,"24":0,"25":0,"26":0,"27":0,"28":0,"29":0,"30":0,"31":0,"32":0,"33":0,"34":0,"35":0,"36":0,"37":0,"38":0,"39":0,"40":0,"41":0,"42":0,"43":0,"44":0,"45":0,"46":0,"47":0,"48":0,"49":0,"50":0,"51":0,"52":0,"53":0,"54":0,"55":0},"f":{"0":0,"1":0,"2":0,"3":0,"4":0},"b":{"0":[0,0],"1":[0,0],"2":[0,0],"3":[0,0]},"_coverageSchema":"1a1c01bbd47fc00a2c39e90264f33305004495a9","hash":"3dfcd5bc32536c2dbd5b8fefd46028ca78ea6aa9"}
,"D:\\Deveducation\\Project_2\\src\\front\\modules\\main-page\\sortData.js": {"path":"D:\\Deveducation\\Project_2\\src\\front\\modules\\main-page\\sortData.js","statementMap":{"0":{"start":{"line":2,"column":18},"end":{"line":2,"column":50}},"1":{"start":{"line":3,"column":17},"end":{"line":3,"column":57}},"2":{"start":{"line":4,"column":28},"end":{"line":4,"column":59}},"3":{"start":{"line":5,"column":25},"end":{"line":5,"column":71}},"4":{"start":{"line":6,"column":22},"end":{"line":6,"column":62}},"5":{"start":{"line":7,"column":22},"end":{"line":7,"column":61}},"6":{"start":{"line":8,"column":20},"end":{"line":8,"column":54}},"7":{"start":{"line":9,"column":21},"end":{"line":9,"column":56}},"8":{"start":{"line":10,"column":28},"end":{"line":10,"column":70}},"9":{"start":{"line":11,"column":22},"end":{"line":11,"column":58}},"10":{"start":{"line":12,"column":28},"end":{"line":12,"column":70}},"11":{"start":{"line":14,"column":4},"end":{"line":19,"column":6}},"12":{"start":{"line":15,"column":8},"end":{"line":15,"column":27}},"13":{"start":{"line":16,"column":23},"end":{"line":16,"column":31}},"14":{"start":{"line":17,"column":8},"end":{"line":17,"column":57}},"15":{"start":{"line":18,"column":8},"end":{"line":18,"column":69}},"16":{"start":{"line":20,"column":4},"end":{"line":20,"column":71}},"17":{"start":{"line":22,"column":4},"end":{"line":24,"column":6}},"18":{"start":{"line":23,"column":8},"end":{"line":23,"column":75}},"19":{"start":{"line":25,"column":4},"end":{"line":27,"column":6}},"20":{"start":{"line":26,"column":8},"end":{"line":26,"column":75}},"21":{"start":{"line":28,"column":4},"end":{"line":30,"column":6}},"22":{"start":{"line":29,"column":8},"end":{"line":29,"column":73}},"23":{"start":{"line":31,"column":4},"end":{"line":33,"column":6}},"24":{"start":{"line":32,"column":8},"end":{"line":32,"column":75}},"25":{"start":{"line":34,"column":4},"end":{"line":36,"column":6}},"26":{"start":{"line":35,"column":8},"end":{"line":35,"column":73}},"27":{"start":{"line":37,"column":4},"end":{"line":39,"column":6}},"28":{"start":{"line":38,"column":8},"end":{"line":38,"column":75}},"29":{"start":{"line":40,"column":4},"end":{"line":42,"column":6}},"30":{"start":{"line":41,"column":8},"end":{"line":41,"column":75}},"31":{"start":{"line":45,"column":22},"end":{"line":45,"column":54}},"32":{"start":{"line":46,"column":22},"end":{"line":46,"column":54}},"33":{"start":{"line":47,"column":21},"end":{"line":47,"column":61}},"34":{"start":{"line":48,"column":28},"end":{"line":48,"column":40}},"35":{"start":{"line":50,"column":27},"end":{"line":54,"column":10}},"36":{"start":{"line":51,"column":29},"end":{"line":51,"column":90}},"37":{"start":{"line":52,"column":29},"end":{"line":52,"column":90}},"38":{"start":{"line":53,"column":12},"end":{"line":53,"column":80}},"39":{"start":{"line":55,"column":8},"end":{"line":57,"column":9}},"40":{"start":{"line":56,"column":12},"end":{"line":56,"column":48}},"41":{"start":{"line":58,"column":8},"end":{"line":58,"column":36}},"42":{"start":{"line":60,"column":8},"end":{"line":62,"column":11}},"43":{"start":{"line":61,"column":12},"end":{"line":61,"column":62}},"44":{"start":{"line":63,"column":8},"end":{"line":63,"column":92}},"45":{"start":{"line":64,"column":8},"end":{"line":64,"column":94}},"46":{"start":{"line":67,"column":22},"end":{"line":67,"column":54}},"47":{"start":{"line":68,"column":22},"end":{"line":68,"column":54}},"48":{"start":{"line":69,"column":21},"end":{"line":69,"column":61}},"49":{"start":{"line":70,"column":28},"end":{"line":70,"column":40}},"50":{"start":{"line":72,"column":27},"end":{"line":76,"column":10}},"51":{"start":{"line":73,"column":29},"end":{"line":73,"column":98}},"52":{"start":{"line":74,"column":29},"end":{"line":74,"column":98}},"53":{"start":{"line":75,"column":12},"end":{"line":75,"column":80}},"54":{"start":{"line":77,"column":8},"end":{"line":79,"column":9}},"55":{"start":{"line":78,"column":12},"end":{"line":78,"column":48}},"56":{"start":{"line":80,"column":8},"end":{"line":80,"column":36}},"57":{"start":{"line":82,"column":8},"end":{"line":84,"column":11}},"58":{"start":{"line":83,"column":12},"end":{"line":83,"column":62}},"59":{"start":{"line":85,"column":8},"end":{"line":85,"column":92}},"60":{"start":{"line":86,"column":8},"end":{"line":86,"column":94}}},"fnMap":{"0":{"name":"sortData","decl":{"start":{"line":1,"column":24},"end":{"line":1,"column":32}},"loc":{"start":{"line":1,"column":36},"end":{"line":88,"column":1}},"line":1},"1":{"name":"(anonymous_1)","decl":{"start":{"line":14,"column":43},"end":{"line":14,"column":44}},"loc":{"start":{"line":14,"column":50},"end":{"line":19,"column":5}},"line":14},"2":{"name":"(anonymous_2)","decl":{"start":{"line":22,"column":40},"end":{"line":22,"column":41}},"loc":{"start":{"line":22,"column":46},"end":{"line":24,"column":5}},"line":22},"3":{"name":"(anonymous_3)","decl":{"start":{"line":25,"column":40},"end":{"line":25,"column":41}},"loc":{"start":{"line":25,"column":46},"end":{"line":27,"column":5}},"line":25},"4":{"name":"(anonymous_4)","decl":{"start":{"line":28,"column":38},"end":{"line":28,"column":39}},"loc":{"start":{"line":28,"column":44},"end":{"line":30,"column":5}},"line":28},"5":{"name":"(anonymous_5)","decl":{"start":{"line":31,"column":39},"end":{"line":31,"column":40}},"loc":{"start":{"line":31,"column":45},"end":{"line":33,"column":5}},"line":31},"6":{"name":"(anonymous_6)","decl":{"start":{"line":34,"column":46},"end":{"line":34,"column":47}},"loc":{"start":{"line":34,"column":52},"end":{"line":36,"column":5}},"line":34},"7":{"name":"(anonymous_7)","decl":{"start":{"line":37,"column":40},"end":{"line":37,"column":41}},"loc":{"start":{"line":37,"column":46},"end":{"line":39,"column":5}},"line":37},"8":{"name":"(anonymous_8)","decl":{"start":{"line":40,"column":46},"end":{"line":40,"column":47}},"loc":{"start":{"line":40,"column":52},"end":{"line":42,"column":5}},"line":40},"9":{"name":"sortTableByColumn","decl":{"start":{"line":44,"column":13},"end":{"line":44,"column":30}},"loc":{"start":{"line":44,"column":52},"end":{"line":65,"column":5}},"line":44},"10":{"name":"(anonymous_10)","decl":{"start":{"line":50,"column":37},"end":{"line":50,"column":38}},"loc":{"start":{"line":50,"column":46},"end":{"line":54,"column":9}},"line":50},"11":{"name":"(anonymous_11)","decl":{"start":{"line":60,"column":45},"end":{"line":60,"column":46}},"loc":{"start":{"line":60,"column":50},"end":{"line":62,"column":9}},"line":60},"12":{"name":"sortAgeByColumn","decl":{"start":{"line":66,"column":13},"end":{"line":66,"column":28}},"loc":{"start":{"line":66,"column":50},"end":{"line":87,"column":5}},"line":66},"13":{"name":"(anonymous_13)","decl":{"start":{"line":72,"column":37},"end":{"line":72,"column":38}},"loc":{"start":{"line":72,"column":46},"end":{"line":76,"column":9}},"line":72},"14":{"name":"(anonymous_14)","decl":{"start":{"line":82,"column":45},"end":{"line":82,"column":46}},"loc":{"start":{"line":82,"column":50},"end":{"line":84,"column":9}},"line":82}},"branchMap":{"0":{"loc":{"start":{"line":44,"column":40},"end":{"line":44,"column":50}},"type":"default-arg","locations":[{"start":{"line":44,"column":46},"end":{"line":44,"column":50}}],"line":44},"1":{"loc":{"start":{"line":48,"column":28},"end":{"line":48,"column":40}},"type":"cond-expr","locations":[{"start":{"line":48,"column":34},"end":{"line":48,"column":35}},{"start":{"line":48,"column":38},"end":{"line":48,"column":40}}],"line":48},"2":{"loc":{"start":{"line":53,"column":19},"end":{"line":53,"column":79}},"type":"cond-expr","locations":[{"start":{"line":53,"column":42},"end":{"line":53,"column":57}},{"start":{"line":53,"column":62},"end":{"line":53,"column":78}}],"line":53},"3":{"loc":{"start":{"line":66,"column":38},"end":{"line":66,"column":48}},"type":"default-arg","locations":[{"start":{"line":66,"column":44},"end":{"line":66,"column":48}}],"line":66},"4":{"loc":{"start":{"line":70,"column":28},"end":{"line":70,"column":40}},"type":"cond-expr","locations":[{"start":{"line":70,"column":34},"end":{"line":70,"column":35}},{"start":{"line":70,"column":38},"end":{"line":70,"column":40}}],"line":70},"5":{"loc":{"start":{"line":75,"column":19},"end":{"line":75,"column":79}},"type":"cond-expr","locations":[{"start":{"line":75,"column":42},"end":{"line":75,"column":57}},{"start":{"line":75,"column":62},"end":{"line":75,"column":78}}],"line":75}},"s":{"0":0,"1":0,"2":0,"3":0,"4":0,"5":0,"6":0,"7":0,"8":0,"9":0,"10":0,"11":0,"12":0,"13":0,"14":0,"15":0,"16":0,"17":0,"18":0,"19":0,"20":0,"21":0,"22":0,"23":0,"24":0,"25":0,"26":0,"27":0,"28":0,"29":0,"30":0,"31":0,"32":0,"33":0,"34":0,"35":0,"36":0,"37":0,"38":0,"39":0,"40":0,"41":0,"42":0,"43":0,"44":0,"45":0,"46":0,"47":0,"48":0,"49":0,"50":0,"51":0,"52":0,"53":0,"54":0,"55":0,"56":0,"57":0,"58":0,"59":0,"60":0},"f":{"0":0,"1":0,"2":0,"3":0,"4":0,"5":0,"6":0,"7":0,"8":0,"9":0,"10":0,"11":0,"12":0,"13":0,"14":0},"b":{"0":[0],"1":[0,0],"2":[0,0],"3":[0],"4":[0,0],"5":[0,0]},"_coverageSchema":"1a1c01bbd47fc00a2c39e90264f33305004495a9","hash":"ddb1a805783611e68e44c4ee7e88bd8fe8ee4cc0"}
}
