{"D:\\Deveducation\\Project_2\\src\\front\\modules\\main.js": {"path":"D:\\Deveducation\\Project_2\\src\\front\\modules\\main.js","statementMap":{"0":{"start":{"line":4,"column":13},"end":{"line":4,"column":43}},"1":{"start":{"line":5,"column":13},"end":{"line":5,"column":44}},"2":{"start":{"line":6,"column":17},"end":{"line":6,"column":45}},"3":{"start":{"line":9,"column":16},"end":{"line":9,"column":24}},"4":{"start":{"line":11,"column":18},"end":{"line":11,"column":59}},"5":{"start":{"line":12,"column":21},"end":{"line":12,"column":61}},"6":{"start":{"line":13,"column":17},"end":{"line":13,"column":53}},"7":{"start":{"line":14,"column":20},"end":{"line":14,"column":63}},"8":{"start":{"line":15,"column":18},"end":{"line":15,"column":55}},"9":{"start":{"line":16,"column":20},"end":{"line":16,"column":63}},"10":{"start":{"line":17,"column":16},"end":{"line":17,"column":51}},"11":{"start":{"line":18,"column":16},"end":{"line":18,"column":46}},"12":{"start":{"line":19,"column":24},"end":{"line":19,"column":69}},"13":{"start":{"line":20,"column":22},"end":{"line":20,"column":58}},"14":{"start":{"line":21,"column":20},"end":{"line":21,"column":54}},"15":{"start":{"line":22,"column":20},"end":{"line":22,"column":54}},"16":{"start":{"line":23,"column":20},"end":{"line":23,"column":54}},"17":{"start":{"line":24,"column":20},"end":{"line":24,"column":54}},"18":{"start":{"line":25,"column":20},"end":{"line":25,"column":54}},"19":{"start":{"line":27,"column":19},"end":{"line":27,"column":52}},"20":{"start":{"line":28,"column":19},"end":{"line":28,"column":52}},"21":{"start":{"line":29,"column":21},"end":{"line":29,"column":68}},"22":{"start":{"line":31,"column":15},"end":{"line":31,"column":22}},"23":{"start":{"line":32,"column":20},"end":{"line":32,"column":24}},"24":{"start":{"line":34,"column":18},"end":{"line":39,"column":5}},"25":{"start":{"line":41,"column":8},"end":{"line":41,"column":48}},"26":{"start":{"line":42,"column":8},"end":{"line":42,"column":45}},"27":{"start":{"line":45,"column":8},"end":{"line":45,"column":48}},"28":{"start":{"line":46,"column":8},"end":{"line":46,"column":45}},"29":{"start":{"line":49,"column":8},"end":{"line":64,"column":9}},"30":{"start":{"line":51,"column":16},"end":{"line":51,"column":28}},"31":{"start":{"line":53,"column":16},"end":{"line":53,"column":31}},"32":{"start":{"line":55,"column":16},"end":{"line":55,"column":32}},"33":{"start":{"line":57,"column":16},"end":{"line":57,"column":33}},"34":{"start":{"line":59,"column":16},"end":{"line":59,"column":31}},"35":{"start":{"line":61,"column":16},"end":{"line":61,"column":35}},"36":{"start":{"line":63,"column":16},"end":{"line":63,"column":31}},"37":{"start":{"line":67,"column":8},"end":{"line":70,"column":11}},"38":{"start":{"line":68,"column":21},"end":{"line":68,"column":43}},"39":{"start":{"line":69,"column":12},"end":{"line":69,"column":54}},"40":{"start":{"line":74,"column":24},"end":{"line":74,"column":53}},"41":{"start":{"line":75,"column":29},"end":{"line":75,"column":37}},"42":{"start":{"line":76,"column":24},"end":{"line":76,"column":59}},"43":{"start":{"line":77,"column":12},"end":{"line":86,"column":13}},"44":{"start":{"line":78,"column":16},"end":{"line":85,"column":19}},"45":{"start":{"line":80,"column":20},"end":{"line":80,"column":44}},"46":{"start":{"line":81,"column":20},"end":{"line":81,"column":53}},"47":{"start":{"line":82,"column":20},"end":{"line":84,"column":29}},"48":{"start":{"line":83,"column":24},"end":{"line":83,"column":54}},"49":{"start":{"line":88,"column":8},"end":{"line":90,"column":11}},"50":{"start":{"line":89,"column":12},"end":{"line":89,"column":19}},"51":{"start":{"line":93,"column":8},"end":{"line":93,"column":22}},"52":{"start":{"line":94,"column":8},"end":{"line":107,"column":11}},"53":{"start":{"line":95,"column":21},"end":{"line":95,"column":31}},"54":{"start":{"line":97,"column":12},"end":{"line":97,"column":30}},"55":{"start":{"line":100,"column":12},"end":{"line":100,"column":27}},"56":{"start":{"line":101,"column":12},"end":{"line":101,"column":27}},"57":{"start":{"line":102,"column":12},"end":{"line":102,"column":23}},"58":{"start":{"line":103,"column":12},"end":{"line":103,"column":26}},"59":{"start":{"line":106,"column":12},"end":{"line":106,"column":31}},"60":{"start":{"line":110,"column":20},"end":{"line":110,"column":49}},"61":{"start":{"line":112,"column":8},"end":{"line":138,"column":9}},"62":{"start":{"line":113,"column":31},"end":{"line":122,"column":13}},"63":{"start":{"line":123,"column":12},"end":{"line":123,"column":26}},"64":{"start":{"line":124,"column":12},"end":{"line":132,"column":15}},"65":{"start":{"line":126,"column":16},"end":{"line":126,"column":30}},"66":{"start":{"line":127,"column":16},"end":{"line":127,"column":49}},"67":{"start":{"line":128,"column":16},"end":{"line":128,"column":40}},"68":{"start":{"line":129,"column":16},"end":{"line":131,"column":25}},"69":{"start":{"line":130,"column":20},"end":{"line":130,"column":50}},"70":{"start":{"line":134,"column":12},"end":{"line":134,"column":45}},"71":{"start":{"line":135,"column":12},"end":{"line":137,"column":21}},"72":{"start":{"line":136,"column":16},"end":{"line":136,"column":46}},"73":{"start":{"line":141,"column":27},"end":{"line":150,"column":9}},"74":{"start":{"line":151,"column":8},"end":{"line":167,"column":9}},"75":{"start":{"line":152,"column":12},"end":{"line":152,"column":45}},"76":{"start":{"line":153,"column":12},"end":{"line":155,"column":21}},"77":{"start":{"line":154,"column":16},"end":{"line":154,"column":46}},"78":{"start":{"line":157,"column":12},"end":{"line":157,"column":26}},"79":{"start":{"line":158,"column":12},"end":{"line":166,"column":15}},"80":{"start":{"line":160,"column":16},"end":{"line":160,"column":30}},"81":{"start":{"line":161,"column":16},"end":{"line":161,"column":49}},"82":{"start":{"line":162,"column":16},"end":{"line":164,"column":25}},"83":{"start":{"line":163,"column":20},"end":{"line":163,"column":50}},"84":{"start":{"line":165,"column":16},"end":{"line":165,"column":40}},"85":{"start":{"line":169,"column":4},"end":{"line":174,"column":7}},"86":{"start":{"line":170,"column":8},"end":{"line":170,"column":27}},"87":{"start":{"line":171,"column":8},"end":{"line":171,"column":42}},"88":{"start":{"line":172,"column":8},"end":{"line":172,"column":43}},"89":{"start":{"line":173,"column":8},"end":{"line":173,"column":24}},"90":{"start":{"line":176,"column":4},"end":{"line":176,"column":49}},"91":{"start":{"line":177,"column":4},"end":{"line":177,"column":49}},"92":{"start":{"line":179,"column":28},"end":{"line":179,"column":70}},"93":{"start":{"line":181,"column":4},"end":{"line":185,"column":7}},"94":{"start":{"line":182,"column":19},"end":{"line":182,"column":32}},"95":{"start":{"line":183,"column":22},"end":{"line":183,"column":32}},"96":{"start":{"line":184,"column":8},"end":{"line":184,"column":25}},"97":{"start":{"line":187,"column":27},"end":{"line":187,"column":68}},"98":{"start":{"line":189,"column":4},"end":{"line":193,"column":7}},"99":{"start":{"line":190,"column":19},"end":{"line":190,"column":32}},"100":{"start":{"line":191,"column":22},"end":{"line":191,"column":32}},"101":{"start":{"line":192,"column":8},"end":{"line":192,"column":25}},"102":{"start":{"line":196,"column":8},"end":{"line":196,"column":22}},"103":{"start":{"line":197,"column":8},"end":{"line":210,"column":11}},"104":{"start":{"line":198,"column":21},"end":{"line":198,"column":31}},"105":{"start":{"line":200,"column":12},"end":{"line":200,"column":30}},"106":{"start":{"line":203,"column":12},"end":{"line":203,"column":27}},"107":{"start":{"line":204,"column":12},"end":{"line":204,"column":27}},"108":{"start":{"line":205,"column":12},"end":{"line":205,"column":23}},"109":{"start":{"line":206,"column":12},"end":{"line":206,"column":26}},"110":{"start":{"line":209,"column":12},"end":{"line":209,"column":31}},"111":{"start":{"line":213,"column":36},"end":{"line":213,"column":78}},"112":{"start":{"line":214,"column":35},"end":{"line":214,"column":76}},"113":{"start":{"line":215,"column":12},"end":{"line":217,"column":13}},"114":{"start":{"line":216,"column":16},"end":{"line":216,"column":34}},"115":{"start":{"line":218,"column":12},"end":{"line":226,"column":13}},"116":{"start":{"line":219,"column":31},"end":{"line":219,"column":33}},"117":{"start":{"line":220,"column":16},"end":{"line":224,"column":19}},"118":{"start":{"line":221,"column":20},"end":{"line":223,"column":21}},"119":{"start":{"line":222,"column":24},"end":{"line":222,"column":47}},"120":{"start":{"line":225,"column":16},"end":{"line":225,"column":37}},"121":{"start":{"line":227,"column":12},"end":{"line":235,"column":13}},"122":{"start":{"line":228,"column":31},"end":{"line":228,"column":33}},"123":{"start":{"line":229,"column":16},"end":{"line":233,"column":19}},"124":{"start":{"line":230,"column":20},"end":{"line":232,"column":21}},"125":{"start":{"line":231,"column":24},"end":{"line":231,"column":47}},"126":{"start":{"line":234,"column":16},"end":{"line":234,"column":37}},"127":{"start":{"line":236,"column":12},"end":{"line":244,"column":13}},"128":{"start":{"line":237,"column":31},"end":{"line":237,"column":33}},"129":{"start":{"line":238,"column":16},"end":{"line":242,"column":19}},"130":{"start":{"line":239,"column":20},"end":{"line":241,"column":21}},"131":{"start":{"line":240,"column":24},"end":{"line":240,"column":47}},"132":{"start":{"line":243,"column":16},"end":{"line":243,"column":38}},"133":{"start":{"line":248,"column":20},"end":{"line":248,"column":87}},"134":{"start":{"line":249,"column":8},"end":{"line":256,"column":10}},"135":{"start":{"line":251,"column":12},"end":{"line":251,"column":36}},"136":{"start":{"line":252,"column":12},"end":{"line":252,"column":45}},"137":{"start":{"line":253,"column":12},"end":{"line":255,"column":21}},"138":{"start":{"line":254,"column":16},"end":{"line":254,"column":46}},"139":{"start":{"line":259,"column":4},"end":{"line":259,"column":48}},"140":{"start":{"line":261,"column":4},"end":{"line":261,"column":22}},"141":{"start":{"line":262,"column":4},"end":{"line":262,"column":28}},"142":{"start":{"line":266,"column":18},"end":{"line":266,"column":50}},"143":{"start":{"line":267,"column":4},"end":{"line":267,"column":25}},"144":{"start":{"line":268,"column":4},"end":{"line":283,"column":5}},"145":{"start":{"line":268,"column":16},"end":{"line":268,"column":17}},"146":{"start":{"line":269,"column":26},"end":{"line":269,"column":54}},"147":{"start":{"line":270,"column":8},"end":{"line":270,"column":45}},"148":{"start":{"line":271,"column":8},"end":{"line":271,"column":58}},"149":{"start":{"line":272,"column":8},"end":{"line":281,"column":10}},"150":{"start":{"line":282,"column":8},"end":{"line":282,"column":32}}},"fnMap":{"0":{"name":"main","decl":{"start":{"line":8,"column":9},"end":{"line":8,"column":13}},"loc":{"start":{"line":8,"column":15},"end":{"line":263,"column":1}},"line":8},"1":{"name":"spinnerShow","decl":{"start":{"line":40,"column":13},"end":{"line":40,"column":24}},"loc":{"start":{"line":40,"column":26},"end":{"line":43,"column":5}},"line":40},"2":{"name":"spinnerHide","decl":{"start":{"line":44,"column":13},"end":{"line":44,"column":24}},"loc":{"start":{"line":44,"column":26},"end":{"line":47,"column":5}},"line":44},"3":{"name":"nameDB","decl":{"start":{"line":48,"column":13},"end":{"line":48,"column":19}},"loc":{"start":{"line":48,"column":24},"end":{"line":65,"column":5}},"line":48},"4":{"name":"getIdPersons","decl":{"start":{"line":66,"column":13},"end":{"line":66,"column":25}},"loc":{"start":{"line":66,"column":27},"end":{"line":71,"column":5}},"line":66},"5":{"name":"(anonymous_5)","decl":{"start":{"line":67,"column":40},"end":{"line":67,"column":41}},"loc":{"start":{"line":67,"column":47},"end":{"line":70,"column":9}},"line":67},"6":{"name":"deleteBtnPerson","decl":{"start":{"line":72,"column":13},"end":{"line":72,"column":28}},"loc":{"start":{"line":72,"column":30},"end":{"line":91,"column":5}},"line":72},"7":{"name":"del","decl":{"start":{"line":73,"column":17},"end":{"line":73,"column":20}},"loc":{"start":{"line":73,"column":23},"end":{"line":87,"column":9}},"line":73},"8":{"name":"(anonymous_8)","decl":{"start":{"line":79,"column":22},"end":{"line":79,"column":23}},"loc":{"start":{"line":79,"column":28},"end":{"line":85,"column":17}},"line":79},"9":{"name":"(anonymous_9)","decl":{"start":{"line":82,"column":31},"end":{"line":82,"column":32}},"loc":{"start":{"line":82,"column":36},"end":{"line":84,"column":21}},"line":82},"10":{"name":"(anonymous_10)","decl":{"start":{"line":88,"column":40},"end":{"line":88,"column":41}},"loc":{"start":{"line":88,"column":47},"end":{"line":90,"column":9}},"line":88},"11":{"name":"getDefaultPersons","decl":{"start":{"line":92,"column":13},"end":{"line":92,"column":30}},"loc":{"start":{"line":92,"column":40},"end":{"line":108,"column":5}},"line":92},"12":{"name":"(anonymous_12)","decl":{"start":{"line":95,"column":14},"end":{"line":95,"column":15}},"loc":{"start":{"line":95,"column":21},"end":{"line":95,"column":31}},"line":95},"13":{"name":"(anonymous_13)","decl":{"start":{"line":96,"column":14},"end":{"line":96,"column":15}},"loc":{"start":{"line":96,"column":24},"end":{"line":98,"column":9}},"line":96},"14":{"name":"(anonymous_14)","decl":{"start":{"line":99,"column":14},"end":{"line":99,"column":15}},"loc":{"start":{"line":99,"column":20},"end":{"line":104,"column":9}},"line":99},"15":{"name":"(anonymous_15)","decl":{"start":{"line":105,"column":15},"end":{"line":105,"column":16}},"loc":{"start":{"line":105,"column":24},"end":{"line":107,"column":9}},"line":105},"16":{"name":"putPersons","decl":{"start":{"line":109,"column":13},"end":{"line":109,"column":23}},"loc":{"start":{"line":109,"column":25},"end":{"line":139,"column":5}},"line":109},"17":{"name":"(anonymous_17)","decl":{"start":{"line":125,"column":18},"end":{"line":125,"column":19}},"loc":{"start":{"line":125,"column":24},"end":{"line":132,"column":13}},"line":125},"18":{"name":"(anonymous_18)","decl":{"start":{"line":129,"column":27},"end":{"line":129,"column":28}},"loc":{"start":{"line":129,"column":32},"end":{"line":131,"column":17}},"line":129},"19":{"name":"(anonymous_19)","decl":{"start":{"line":135,"column":23},"end":{"line":135,"column":24}},"loc":{"start":{"line":135,"column":28},"end":{"line":137,"column":13}},"line":135},"20":{"name":"addPersons","decl":{"start":{"line":140,"column":13},"end":{"line":140,"column":23}},"loc":{"start":{"line":140,"column":25},"end":{"line":168,"column":5}},"line":140},"21":{"name":"(anonymous_21)","decl":{"start":{"line":153,"column":23},"end":{"line":153,"column":24}},"loc":{"start":{"line":153,"column":28},"end":{"line":155,"column":13}},"line":153},"22":{"name":"(anonymous_22)","decl":{"start":{"line":159,"column":18},"end":{"line":159,"column":19}},"loc":{"start":{"line":159,"column":24},"end":{"line":166,"column":13}},"line":159},"23":{"name":"(anonymous_23)","decl":{"start":{"line":162,"column":27},"end":{"line":162,"column":28}},"loc":{"start":{"line":162,"column":32},"end":{"line":164,"column":17}},"line":162},"24":{"name":"(anonymous_24)","decl":{"start":{"line":169,"column":42},"end":{"line":169,"column":43}},"loc":{"start":{"line":169,"column":47},"end":{"line":174,"column":5}},"line":169},"25":{"name":"(anonymous_25)","decl":{"start":{"line":181,"column":46},"end":{"line":181,"column":47}},"loc":{"start":{"line":181,"column":57},"end":{"line":185,"column":5}},"line":181},"26":{"name":"(anonymous_26)","decl":{"start":{"line":189,"column":45},"end":{"line":189,"column":46}},"loc":{"start":{"line":189,"column":55},"end":{"line":193,"column":5}},"line":189},"27":{"name":"searchBar","decl":{"start":{"line":195,"column":13},"end":{"line":195,"column":22}},"loc":{"start":{"line":195,"column":28},"end":{"line":246,"column":5}},"line":195},"28":{"name":"(anonymous_28)","decl":{"start":{"line":198,"column":14},"end":{"line":198,"column":15}},"loc":{"start":{"line":198,"column":21},"end":{"line":198,"column":31}},"line":198},"29":{"name":"(anonymous_29)","decl":{"start":{"line":199,"column":14},"end":{"line":199,"column":15}},"loc":{"start":{"line":199,"column":24},"end":{"line":201,"column":9}},"line":199},"30":{"name":"(anonymous_30)","decl":{"start":{"line":202,"column":14},"end":{"line":202,"column":15}},"loc":{"start":{"line":202,"column":20},"end":{"line":207,"column":9}},"line":202},"31":{"name":"(anonymous_31)","decl":{"start":{"line":208,"column":15},"end":{"line":208,"column":16}},"loc":{"start":{"line":208,"column":24},"end":{"line":210,"column":9}},"line":208},"32":{"name":"filterArray","decl":{"start":{"line":212,"column":17},"end":{"line":212,"column":28}},"loc":{"start":{"line":212,"column":35},"end":{"line":245,"column":9}},"line":212},"33":{"name":"(anonymous_33)","decl":{"start":{"line":220,"column":30},"end":{"line":220,"column":31}},"loc":{"start":{"line":220,"column":41},"end":{"line":224,"column":17}},"line":220},"34":{"name":"(anonymous_34)","decl":{"start":{"line":229,"column":30},"end":{"line":229,"column":31}},"loc":{"start":{"line":229,"column":41},"end":{"line":233,"column":17}},"line":229},"35":{"name":"(anonymous_35)","decl":{"start":{"line":238,"column":30},"end":{"line":238,"column":31}},"loc":{"start":{"line":238,"column":41},"end":{"line":242,"column":17}},"line":238},"36":{"name":"clerAll","decl":{"start":{"line":247,"column":13},"end":{"line":247,"column":20}},"loc":{"start":{"line":247,"column":22},"end":{"line":257,"column":5}},"line":247},"37":{"name":"(anonymous_37)","decl":{"start":{"line":250,"column":14},"end":{"line":250,"column":15}},"loc":{"start":{"line":250,"column":20},"end":{"line":256,"column":9}},"line":250},"38":{"name":"(anonymous_38)","decl":{"start":{"line":253,"column":23},"end":{"line":253,"column":24}},"loc":{"start":{"line":253,"column":28},"end":{"line":255,"column":13}},"line":253},"39":{"name":"renderTable","decl":{"start":{"line":265,"column":16},"end":{"line":265,"column":27}},"loc":{"start":{"line":265,"column":34},"end":{"line":284,"column":1}},"line":265}},"branchMap":{"0":{"loc":{"start":{"line":49,"column":8},"end":{"line":64,"column":9}},"type":"switch","locations":[{"start":{"line":50,"column":12},"end":{"line":51,"column":28}},{"start":{"line":52,"column":12},"end":{"line":53,"column":31}},{"start":{"line":54,"column":12},"end":{"line":55,"column":32}},{"start":{"line":56,"column":12},"end":{"line":57,"column":33}},{"start":{"line":58,"column":12},"end":{"line":59,"column":31}},{"start":{"line":60,"column":12},"end":{"line":61,"column":35}},{"start":{"line":62,"column":12},"end":{"line":63,"column":31}}],"line":49},"1":{"loc":{"start":{"line":77,"column":12},"end":{"line":86,"column":13}},"type":"if","locations":[{"start":{"line":77,"column":12},"end":{"line":86,"column":13}},{"start":{"line":77,"column":12},"end":{"line":86,"column":13}}],"line":77},"2":{"loc":{"start":{"line":112,"column":8},"end":{"line":138,"column":9}},"type":"if","locations":[{"start":{"line":112,"column":8},"end":{"line":138,"column":9}},{"start":{"line":112,"column":8},"end":{"line":138,"column":9}}],"line":112},"3":{"loc":{"start":{"line":112,"column":11},"end":{"line":112,"column":165}},"type":"binary-expr","locations":[{"start":{"line":112,"column":11},"end":{"line":112,"column":29}},{"start":{"line":112,"column":33},"end":{"line":112,"column":54}},{"start":{"line":112,"column":58},"end":{"line":112,"column":74}},{"start":{"line":112,"column":78},"end":{"line":112,"column":95}},{"start":{"line":112,"column":99},"end":{"line":112,"column":119}},{"start":{"line":112,"column":123},"end":{"line":112,"column":141}},{"start":{"line":112,"column":145},"end":{"line":112,"column":165}}],"line":112},"4":{"loc":{"start":{"line":151,"column":8},"end":{"line":167,"column":9}},"type":"if","locations":[{"start":{"line":151,"column":8},"end":{"line":167,"column":9}},{"start":{"line":151,"column":8},"end":{"line":167,"column":9}}],"line":151},"5":{"loc":{"start":{"line":151,"column":11},"end":{"line":151,"column":165}},"type":"binary-expr","locations":[{"start":{"line":151,"column":11},"end":{"line":151,"column":29}},{"start":{"line":151,"column":33},"end":{"line":151,"column":54}},{"start":{"line":151,"column":58},"end":{"line":151,"column":74}},{"start":{"line":151,"column":78},"end":{"line":151,"column":95}},{"start":{"line":151,"column":99},"end":{"line":151,"column":119}},{"start":{"line":151,"column":123},"end":{"line":151,"column":141}},{"start":{"line":151,"column":145},"end":{"line":151,"column":165}}],"line":151},"6":{"loc":{"start":{"line":215,"column":12},"end":{"line":217,"column":13}},"type":"if","locations":[{"start":{"line":215,"column":12},"end":{"line":217,"column":13}},{"start":{"line":215,"column":12},"end":{"line":217,"column":13}}],"line":215},"7":{"loc":{"start":{"line":215,"column":16},"end":{"line":215,"column":63}},"type":"binary-expr","locations":[{"start":{"line":215,"column":16},"end":{"line":215,"column":38}},{"start":{"line":215,"column":42},"end":{"line":215,"column":63}}],"line":215},"8":{"loc":{"start":{"line":218,"column":12},"end":{"line":226,"column":13}},"type":"if","locations":[{"start":{"line":218,"column":12},"end":{"line":226,"column":13}},{"start":{"line":218,"column":12},"end":{"line":226,"column":13}}],"line":218},"9":{"loc":{"start":{"line":218,"column":15},"end":{"line":218,"column":61}},"type":"binary-expr","locations":[{"start":{"line":218,"column":15},"end":{"line":218,"column":36}},{"start":{"line":218,"column":40},"end":{"line":218,"column":61}}],"line":218},"10":{"loc":{"start":{"line":221,"column":20},"end":{"line":223,"column":21}},"type":"if","locations":[{"start":{"line":221,"column":20},"end":{"line":223,"column":21}},{"start":{"line":221,"column":20},"end":{"line":223,"column":21}}],"line":221},"11":{"loc":{"start":{"line":227,"column":12},"end":{"line":235,"column":13}},"type":"if","locations":[{"start":{"line":227,"column":12},"end":{"line":235,"column":13}},{"start":{"line":227,"column":12},"end":{"line":235,"column":13}}],"line":227},"12":{"loc":{"start":{"line":227,"column":15},"end":{"line":227,"column":61}},"type":"binary-expr","locations":[{"start":{"line":227,"column":15},"end":{"line":227,"column":37}},{"start":{"line":227,"column":41},"end":{"line":227,"column":61}}],"line":227},"13":{"loc":{"start":{"line":230,"column":20},"end":{"line":232,"column":21}},"type":"if","locations":[{"start":{"line":230,"column":20},"end":{"line":232,"column":21}},{"start":{"line":230,"column":20},"end":{"line":232,"column":21}}],"line":230},"14":{"loc":{"start":{"line":236,"column":12},"end":{"line":244,"column":13}},"type":"if","locations":[{"start":{"line":236,"column":12},"end":{"line":244,"column":13}},{"start":{"line":236,"column":12},"end":{"line":244,"column":13}}],"line":236},"15":{"loc":{"start":{"line":236,"column":15},"end":{"line":236,"column":60}},"type":"binary-expr","locations":[{"start":{"line":236,"column":15},"end":{"line":236,"column":36}},{"start":{"line":236,"column":40},"end":{"line":236,"column":60}}],"line":236},"16":{"loc":{"start":{"line":239,"column":20},"end":{"line":241,"column":21}},"type":"if","locations":[{"start":{"line":239,"column":20},"end":{"line":241,"column":21}},{"start":{"line":239,"column":20},"end":{"line":241,"column":21}}],"line":239},"17":{"loc":{"start":{"line":239,"column":23},"end":{"line":239,"column":115}},"type":"binary-expr","locations":[{"start":{"line":239,"column":23},"end":{"line":239,"column":67}},{"start":{"line":239,"column":71},"end":{"line":239,"column":115}}],"line":239}},"s":{"0":1,"1":1,"2":1,"3":0,"4":0,"5":0,"6":0,"7":0,"8":0,"9":0,"10":0,"11":0,"12":0,"13":0,"14":0,"15":0,"16":0,"17":0,"18":0,"19":0,"20":0,"21":0,"22":0,"23":0,"24":0,"25":0,"26":0,"27":0,"28":0,"29":0,"30":0,"31":0,"32":0,"33":0,"34":0,"35":0,"36":0,"37":0,"38":0,"39":0,"40":0,"41":0,"42":0,"43":0,"44":0,"45":0,"46":0,"47":0,"48":0,"49":0,"50":0,"51":0,"52":0,"53":0,"54":0,"55":0,"56":0,"57":0,"58":0,"59":0,"60":0,"61":0,"62":0,"63":0,"64":0,"65":0,"66":0,"67":0,"68":0,"69":0,"70":0,"71":0,"72":0,"73":0,"74":0,"75":0,"76":0,"77":0,"78":0,"79":0,"80":0,"81":0,"82":0,"83":0,"84":0,"85":0,"86":0,"87":0,"88":0,"89":0,"90":0,"91":0,"92":0,"93":0,"94":0,"95":0,"96":0,"97":0,"98":0,"99":0,"100":0,"101":0,"102":0,"103":0,"104":0,"105":0,"106":0,"107":0,"108":0,"109":0,"110":0,"111":0,"112":0,"113":0,"114":0,"115":0,"116":0,"117":0,"118":0,"119":0,"120":0,"121":0,"122":0,"123":0,"124":0,"125":0,"126":0,"127":0,"128":0,"129":0,"130":0,"131":0,"132":0,"133":0,"134":0,"135":0,"136":0,"137":0,"138":0,"139":0,"140":0,"141":0,"142":0,"143":0,"144":0,"145":0,"146":0,"147":0,"148":0,"149":0,"150":0},"f":{"0":0,"1":0,"2":0,"3":0,"4":0,"5":0,"6":0,"7":0,"8":0,"9":0,"10":0,"11":0,"12":0,"13":0,"14":0,"15":0,"16":0,"17":0,"18":0,"19":0,"20":0,"21":0,"22":0,"23":0,"24":0,"25":0,"26":0,"27":0,"28":0,"29":0,"30":0,"31":0,"32":0,"33":0,"34":0,"35":0,"36":0,"37":0,"38":0,"39":0},"b":{"0":[0,0,0,0,0,0,0],"1":[0,0],"2":[0,0],"3":[0,0,0,0,0,0,0],"4":[0,0],"5":[0,0,0,0,0,0,0],"6":[0,0],"7":[0,0],"8":[0,0],"9":[0,0],"10":[0,0],"11":[0,0],"12":[0,0],"13":[0,0],"14":[0,0],"15":[0,0],"16":[0,0],"17":[0,0]},"_coverageSchema":"1a1c01bbd47fc00a2c39e90264f33305004495a9","hash":"2ab25dc04ac8b8d86bbc3333259b1fb3324bafe7"}
,"D:\\Deveducation\\Project_2\\src\\front\\modules\\request.js": {"path":"D:\\Deveducation\\Project_2\\src\\front\\modules\\request.js","statementMap":{"0":{"start":{"line":2,"column":18},"end":{"line":4,"column":6}},"1":{"start":{"line":5,"column":4},"end":{"line":5,"column":64}},"2":{"start":{"line":9,"column":18},"end":{"line":9,"column":36}},"3":{"start":{"line":10,"column":4},"end":{"line":18,"column":6}},"4":{"start":{"line":22,"column":18},"end":{"line":22,"column":36}},"5":{"start":{"line":23,"column":4},"end":{"line":30,"column":8}},"6":{"start":{"line":34,"column":18},"end":{"line":34,"column":36}},"7":{"start":{"line":35,"column":4},"end":{"line":41,"column":6}},"8":{"start":{"line":44,"column":18},"end":{"line":44,"column":36}},"9":{"start":{"line":45,"column":4},"end":{"line":50,"column":8}}},"fnMap":{"0":{"name":"getCookie","decl":{"start":{"line":1,"column":16},"end":{"line":1,"column":25}},"loc":{"start":{"line":1,"column":32},"end":{"line":6,"column":1}},"line":1},"1":{"name":"postRequest","decl":{"start":{"line":8,"column":16},"end":{"line":8,"column":27}},"loc":{"start":{"line":8,"column":37},"end":{"line":19,"column":1}},"line":8},"2":{"name":"putRequest","decl":{"start":{"line":21,"column":16},"end":{"line":21,"column":26}},"loc":{"start":{"line":21,"column":36},"end":{"line":31,"column":1}},"line":21},"3":{"name":"getRequest","decl":{"start":{"line":33,"column":16},"end":{"line":33,"column":26}},"loc":{"start":{"line":33,"column":31},"end":{"line":42,"column":1}},"line":33},"4":{"name":"deleteRequest","decl":{"start":{"line":43,"column":16},"end":{"line":43,"column":29}},"loc":{"start":{"line":43,"column":34},"end":{"line":51,"column":1}},"line":43}},"branchMap":{"0":{"loc":{"start":{"line":5,"column":11},"end":{"line":5,"column":63}},"type":"cond-expr","locations":[{"start":{"line":5,"column":21},"end":{"line":5,"column":51}},{"start":{"line":5,"column":54},"end":{"line":5,"column":63}}],"line":5}},"s":{"0":0,"1":0,"2":0,"3":0,"4":0,"5":0,"6":0,"7":0,"8":0,"9":0},"f":{"0":0,"1":0,"2":0,"3":0,"4":0},"b":{"0":[0,0]},"_coverageSchema":"1a1c01bbd47fc00a2c39e90264f33305004495a9","hash":"b03d69a6c75253721d91d6c7615e64bfd7a4d2b5"}
,"D:\\Deveducation\\Project_2\\src\\front\\modules\\valid.js": {"path":"D:\\Deveducation\\Project_2\\src\\front\\modules\\valid.js","statementMap":{"0":{"start":{"line":3,"column":25},"end":{"line":3,"column":27}},"1":{"start":{"line":4,"column":25},"end":{"line":4,"column":27}},"2":{"start":{"line":5,"column":23},"end":{"line":5,"column":25}},"3":{"start":{"line":6,"column":23},"end":{"line":6,"column":26}},"4":{"start":{"line":7,"column":24},"end":{"line":7,"column":26}},"5":{"start":{"line":8,"column":24},"end":{"line":8,"column":26}},"6":{"start":{"line":10,"column":4},"end":{"line":12,"column":5}},"7":{"start":{"line":11,"column":8},"end":{"line":11,"column":21}},"8":{"start":{"line":14,"column":4},"end":{"line":16,"column":5}},"9":{"start":{"line":15,"column":8},"end":{"line":15,"column":21}},"10":{"start":{"line":18,"column":4},"end":{"line":28,"column":5}},"11":{"start":{"line":19,"column":6},"end":{"line":27,"column":7}},"12":{"start":{"line":20,"column":10},"end":{"line":22,"column":11}},"13":{"start":{"line":21,"column":16},"end":{"line":21,"column":29}},"14":{"start":{"line":24,"column":10},"end":{"line":26,"column":11}},"15":{"start":{"line":25,"column":16},"end":{"line":25,"column":29}},"16":{"start":{"line":30,"column":4},"end":{"line":30,"column":16}}},"fnMap":{"0":{"name":"valid","decl":{"start":{"line":1,"column":9},"end":{"line":1,"column":14}},"loc":{"start":{"line":1,"column":27},"end":{"line":31,"column":1}},"line":1}},"branchMap":{"0":{"loc":{"start":{"line":10,"column":4},"end":{"line":12,"column":5}},"type":"if","locations":[{"start":{"line":10,"column":4},"end":{"line":12,"column":5}},{"start":{"line":10,"column":4},"end":{"line":12,"column":5}}],"line":10},"1":{"loc":{"start":{"line":10,"column":7},"end":{"line":10,"column":34}},"type":"binary-expr","locations":[{"start":{"line":10,"column":7},"end":{"line":10,"column":19}},{"start":{"line":10,"column":23},"end":{"line":10,"column":34}}],"line":10},"2":{"loc":{"start":{"line":14,"column":4},"end":{"line":16,"column":5}},"type":"if","locations":[{"start":{"line":14,"column":4},"end":{"line":16,"column":5}},{"start":{"line":14,"column":4},"end":{"line":16,"column":5}}],"line":14},"3":{"loc":{"start":{"line":14,"column":7},"end":{"line":14,"column":87}},"type":"binary-expr","locations":[{"start":{"line":14,"column":8},"end":{"line":14,"column":24}},{"start":{"line":14,"column":28},"end":{"line":14,"column":45}},{"start":{"line":14,"column":51},"end":{"line":14,"column":66}},{"start":{"line":14,"column":70},"end":{"line":14,"column":86}}],"line":14},"4":{"loc":{"start":{"line":18,"column":4},"end":{"line":28,"column":5}},"type":"if","locations":[{"start":{"line":18,"column":4},"end":{"line":28,"column":5}},{"start":{"line":18,"column":4},"end":{"line":28,"column":5}}],"line":18},"5":{"loc":{"start":{"line":18,"column":7},"end":{"line":18,"column":46}},"type":"binary-expr","locations":[{"start":{"line":18,"column":7},"end":{"line":18,"column":24}},{"start":{"line":18,"column":28},"end":{"line":18,"column":46}}],"line":18},"6":{"loc":{"start":{"line":20,"column":10},"end":{"line":22,"column":11}},"type":"if","locations":[{"start":{"line":20,"column":10},"end":{"line":22,"column":11}},{"start":{"line":20,"column":10},"end":{"line":22,"column":11}}],"line":20},"7":{"loc":{"start":{"line":20,"column":13},"end":{"line":20,"column":119}},"type":"binary-expr","locations":[{"start":{"line":20,"column":13},"end":{"line":20,"column":46}},{"start":{"line":20,"column":50},"end":{"line":20,"column":82}},{"start":{"line":20,"column":86},"end":{"line":20,"column":119}}],"line":20},"8":{"loc":{"start":{"line":24,"column":10},"end":{"line":26,"column":11}},"type":"if","locations":[{"start":{"line":24,"column":10},"end":{"line":26,"column":11}},{"start":{"line":24,"column":10},"end":{"line":26,"column":11}}],"line":24},"9":{"loc":{"start":{"line":24,"column":14},"end":{"line":24,"column":117}},"type":"binary-expr","locations":[{"start":{"line":24,"column":14},"end":{"line":24,"column":47}},{"start":{"line":24,"column":51},"end":{"line":24,"column":82}},{"start":{"line":24,"column":86},"end":{"line":24,"column":117}}],"line":24}},"s":{"0":8,"1":8,"2":8,"3":8,"4":8,"5":8,"6":8,"7":2,"8":6,"9":3,"10":3,"11":3,"12":11,"13":1,"14":10,"15":0,"16":2},"f":{"0":8},"b":{"0":[2,6],"1":[8,2],"2":[3,3],"3":[6,6,4,4],"4":[3,0],"5":[3,3],"6":[1,10],"7":[11,10,10],"8":[0,10],"9":[10,8,10]},"_coverageSchema":"1a1c01bbd47fc00a2c39e90264f33305004495a9","hash":"890b223ea5b251eca558cdf44f68db57df7b3adc"}
,"D:\\Deveducation\\Project_2\\src\\front\\modules\\main-page\\changeCreds.js": {"path":"D:\\Deveducation\\Project_2\\src\\front\\modules\\main-page\\changeCreds.js","statementMap":{"0":{"start":{"line":3,"column":13},"end":{"line":3,"column":43}},"1":{"start":{"line":4,"column":13},"end":{"line":4,"column":44}},"2":{"start":{"line":5,"column":17},"end":{"line":5,"column":45}},"3":{"start":{"line":7,"column":12},"end":{"line":7,"column":20}},"4":{"start":{"line":10,"column":21},"end":{"line":10,"column":56}},"5":{"start":{"line":11,"column":24},"end":{"line":11,"column":62}},"6":{"start":{"line":12,"column":27},"end":{"line":12,"column":68}},"7":{"start":{"line":13,"column":28},"end":{"line":13,"column":70}},"8":{"start":{"line":14,"column":26},"end":{"line":14,"column":66}},"9":{"start":{"line":15,"column":13},"end":{"line":15,"column":45}},"10":{"start":{"line":16,"column":4},"end":{"line":34,"column":5}},"11":{"start":{"line":17,"column":19},"end":{"line":20,"column":9}},"12":{"start":{"line":21,"column":8},"end":{"line":33,"column":10}},"13":{"start":{"line":22,"column":12},"end":{"line":32,"column":13}},"14":{"start":{"line":23,"column":16},"end":{"line":23,"column":51}},"15":{"start":{"line":24,"column":16},"end":{"line":26,"column":23}},"16":{"start":{"line":25,"column":20},"end":{"line":25,"column":55}},"17":{"start":{"line":28,"column":16},"end":{"line":28,"column":49}},"18":{"start":{"line":29,"column":16},"end":{"line":31,"column":23}},"19":{"start":{"line":30,"column":20},"end":{"line":30,"column":53}},"20":{"start":{"line":36,"column":8},"end":{"line":36,"column":41}},"21":{"start":{"line":39,"column":8},"end":{"line":39,"column":38}}},"fnMap":{"0":{"name":"ChangeCreds","decl":{"start":{"line":9,"column":24},"end":{"line":9,"column":35}},"loc":{"start":{"line":9,"column":37},"end":{"line":41,"column":1}},"line":9},"1":{"name":"(anonymous_1)","decl":{"start":{"line":21,"column":57},"end":{"line":21,"column":58}},"loc":{"start":{"line":21,"column":63},"end":{"line":33,"column":9}},"line":21},"2":{"name":"(anonymous_2)","decl":{"start":{"line":24,"column":27},"end":{"line":24,"column":28}},"loc":{"start":{"line":24,"column":32},"end":{"line":26,"column":17}},"line":24},"3":{"name":"(anonymous_3)","decl":{"start":{"line":29,"column":27},"end":{"line":29,"column":28}},"loc":{"start":{"line":29,"column":32},"end":{"line":31,"column":17}},"line":29},"4":{"name":"resultMessageShow","decl":{"start":{"line":35,"column":13},"end":{"line":35,"column":30}},"loc":{"start":{"line":35,"column":41},"end":{"line":37,"column":5}},"line":35},"5":{"name":"resultMessageHide","decl":{"start":{"line":38,"column":13},"end":{"line":38,"column":30}},"loc":{"start":{"line":38,"column":41},"end":{"line":40,"column":5}},"line":38}},"branchMap":{"0":{"loc":{"start":{"line":16,"column":4},"end":{"line":34,"column":5}},"type":"if","locations":[{"start":{"line":16,"column":4},"end":{"line":34,"column":5}},{"start":{"line":16,"column":4},"end":{"line":34,"column":5}}],"line":16},"1":{"loc":{"start":{"line":16,"column":7},"end":{"line":16,"column":97}},"type":"binary-expr","locations":[{"start":{"line":16,"column":8},"end":{"line":16,"column":50}},{"start":{"line":16,"column":56},"end":{"line":16,"column":96}}],"line":16},"2":{"loc":{"start":{"line":22,"column":12},"end":{"line":32,"column":13}},"type":"if","locations":[{"start":{"line":22,"column":12},"end":{"line":32,"column":13}},{"start":{"line":22,"column":12},"end":{"line":32,"column":13}}],"line":22}},"s":{"0":2,"1":2,"2":2,"3":2,"4":0,"5":0,"6":0,"7":0,"8":0,"9":0,"10":0,"11":0,"12":0,"13":0,"14":0,"15":0,"16":0,"17":0,"18":0,"19":0,"20":0,"21":0},"f":{"0":0,"1":0,"2":0,"3":0,"4":0,"5":0},"b":{"0":[0,0],"1":[0,0],"2":[0,0]},"_coverageSchema":"1a1c01bbd47fc00a2c39e90264f33305004495a9","hash":"00595853a0cb9ece79f54cad3418e645e1480554"}
,"D:\\Deveducation\\Project_2\\src\\front\\modules\\main-page\\clearAllPopup.js": {"path":"D:\\Deveducation\\Project_2\\src\\front\\modules\\main-page\\clearAllPopup.js","statementMap":{"0":{"start":{"line":4,"column":21},"end":{"line":4,"column":56}},"1":{"start":{"line":5,"column":26},"end":{"line":5,"column":66}},"2":{"start":{"line":6,"column":22},"end":{"line":6,"column":68}},"3":{"start":{"line":7,"column":21},"end":{"line":7,"column":66}},"4":{"start":{"line":8,"column":23},"end":{"line":8,"column":42}},"5":{"start":{"line":9,"column":33},"end":{"line":9,"column":80}},"6":{"start":{"line":11,"column":4},"end":{"line":13,"column":7}},"7":{"start":{"line":12,"column":8},"end":{"line":12,"column":57}},"8":{"start":{"line":14,"column":4},"end":{"line":16,"column":7}},"9":{"start":{"line":15,"column":8},"end":{"line":15,"column":58}},"10":{"start":{"line":17,"column":4},"end":{"line":19,"column":7}},"11":{"start":{"line":18,"column":8},"end":{"line":18,"column":58}},"12":{"start":{"line":20,"column":4},"end":{"line":22,"column":7}},"13":{"start":{"line":21,"column":8},"end":{"line":21,"column":58}},"14":{"start":{"line":23,"column":4},"end":{"line":25,"column":6}},"15":{"start":{"line":24,"column":8},"end":{"line":24,"column":67}},"16":{"start":{"line":26,"column":4},"end":{"line":28,"column":6}},"17":{"start":{"line":27,"column":8},"end":{"line":27,"column":71}}},"fnMap":{"0":{"name":"clearAllPopup","decl":{"start":{"line":3,"column":24},"end":{"line":3,"column":37}},"loc":{"start":{"line":3,"column":40},"end":{"line":29,"column":1}},"line":3},"1":{"name":"(anonymous_1)","decl":{"start":{"line":11,"column":39},"end":{"line":11,"column":40}},"loc":{"start":{"line":11,"column":45},"end":{"line":13,"column":5}},"line":11},"2":{"name":"(anonymous_2)","decl":{"start":{"line":14,"column":51},"end":{"line":14,"column":52}},"loc":{"start":{"line":14,"column":57},"end":{"line":16,"column":5}},"line":14},"3":{"name":"(anonymous_3)","decl":{"start":{"line":17,"column":40},"end":{"line":17,"column":41}},"loc":{"start":{"line":17,"column":46},"end":{"line":19,"column":5}},"line":17},"4":{"name":"(anonymous_4)","decl":{"start":{"line":20,"column":39},"end":{"line":20,"column":40}},"loc":{"start":{"line":20,"column":45},"end":{"line":22,"column":5}},"line":20},"5":{"name":"(anonymous_5)","decl":{"start":{"line":23,"column":37},"end":{"line":23,"column":38}},"loc":{"start":{"line":23,"column":54},"end":{"line":25,"column":5}},"line":23},"6":{"name":"(anonymous_6)","decl":{"start":{"line":26,"column":44},"end":{"line":26,"column":45}},"loc":{"start":{"line":26,"column":61},"end":{"line":28,"column":5}},"line":26}},"branchMap":{},"s":{"0":0,"1":0,"2":0,"3":0,"4":0,"5":0,"6":0,"7":0,"8":0,"9":0,"10":0,"11":0,"12":0,"13":0,"14":0,"15":0,"16":0,"17":0},"f":{"0":0,"1":0,"2":0,"3":0,"4":0,"5":0,"6":0},"b":{},"_coverageSchema":"1a1c01bbd47fc00a2c39e90264f33305004495a9","hash":"f7ee688cb9ad6514b18def07e994d5bb36b910b7"}
,"D:\\Deveducation\\Project_2\\src\\front\\modules\\main-page\\controlPanelValidation.js": {"path":"D:\\Deveducation\\Project_2\\src\\front\\modules\\main-page\\controlPanelValidation.js","statementMap":{"0":{"start":{"line":2,"column":26},"end":{"line":2,"column":50}},"1":{"start":{"line":3,"column":27},"end":{"line":3,"column":162}},"2":{"start":{"line":4,"column":27},"end":{"line":4,"column":87}},"3":{"start":{"line":5,"column":29},"end":{"line":5,"column":69}},"4":{"start":{"line":6,"column":26},"end":{"line":6,"column":69}},"5":{"start":{"line":9,"column":6},"end":{"line":9,"column":56}},"6":{"start":{"line":12,"column":6},"end":{"line":12,"column":49}},"7":{"start":{"line":15,"column":34},"end":{"line":86,"column":1}},"8":{"start":{"line":17,"column":27},"end":{"line":17,"column":38}},"9":{"start":{"line":18,"column":8},"end":{"line":23,"column":9}},"10":{"start":{"line":19,"column":12},"end":{"line":19,"column":48}},"11":{"start":{"line":21,"column":12},"end":{"line":21,"column":45}},"12":{"start":{"line":22,"column":12},"end":{"line":22,"column":29}},"13":{"start":{"line":26,"column":27},"end":{"line":26,"column":38}},"14":{"start":{"line":27,"column":26},"end":{"line":27,"column":69}},"15":{"start":{"line":28,"column":8},"end":{"line":35,"column":9}},"16":{"start":{"line":29,"column":12},"end":{"line":29,"column":48}},"17":{"start":{"line":30,"column":12},"end":{"line":30,"column":44}},"18":{"start":{"line":32,"column":12},"end":{"line":32,"column":45}},"19":{"start":{"line":33,"column":12},"end":{"line":33,"column":29}},"20":{"start":{"line":34,"column":12},"end":{"line":34,"column":47}},"21":{"start":{"line":38,"column":27},"end":{"line":38,"column":38}},"22":{"start":{"line":39,"column":27},"end":{"line":39,"column":71}},"23":{"start":{"line":40,"column":8},"end":{"line":47,"column":9}},"24":{"start":{"line":41,"column":12},"end":{"line":41,"column":48}},"25":{"start":{"line":42,"column":12},"end":{"line":42,"column":45}},"26":{"start":{"line":44,"column":12},"end":{"line":44,"column":45}},"27":{"start":{"line":45,"column":12},"end":{"line":45,"column":29}},"28":{"start":{"line":46,"column":12},"end":{"line":46,"column":48}},"29":{"start":{"line":50,"column":27},"end":{"line":50,"column":38}},"30":{"start":{"line":51,"column":27},"end":{"line":51,"column":71}},"31":{"start":{"line":53,"column":8},"end":{"line":60,"column":9}},"32":{"start":{"line":54,"column":12},"end":{"line":54,"column":48}},"33":{"start":{"line":55,"column":12},"end":{"line":55,"column":45}},"34":{"start":{"line":57,"column":12},"end":{"line":57,"column":45}},"35":{"start":{"line":58,"column":12},"end":{"line":58,"column":29}},"36":{"start":{"line":59,"column":12},"end":{"line":59,"column":48}},"37":{"start":{"line":63,"column":27},"end":{"line":63,"column":38}},"38":{"start":{"line":64,"column":25},"end":{"line":64,"column":67}},"39":{"start":{"line":65,"column":8},"end":{"line":72,"column":9}},"40":{"start":{"line":66,"column":12},"end":{"line":66,"column":48}},"41":{"start":{"line":67,"column":12},"end":{"line":67,"column":43}},"42":{"start":{"line":69,"column":12},"end":{"line":69,"column":45}},"43":{"start":{"line":70,"column":12},"end":{"line":70,"column":29}},"44":{"start":{"line":71,"column":12},"end":{"line":71,"column":46}},"45":{"start":{"line":75,"column":27},"end":{"line":75,"column":38}},"46":{"start":{"line":76,"column":29},"end":{"line":76,"column":75}},"47":{"start":{"line":77,"column":8},"end":{"line":84,"column":9}},"48":{"start":{"line":78,"column":12},"end":{"line":78,"column":48}},"49":{"start":{"line":79,"column":12},"end":{"line":79,"column":47}},"50":{"start":{"line":81,"column":12},"end":{"line":81,"column":45}},"51":{"start":{"line":82,"column":12},"end":{"line":82,"column":29}},"52":{"start":{"line":83,"column":12},"end":{"line":83,"column":50}},"53":{"start":{"line":89,"column":21},"end":{"line":89,"column":63}},"54":{"start":{"line":91,"column":4},"end":{"line":119,"column":6}},"55":{"start":{"line":92,"column":8},"end":{"line":118,"column":10}},"56":{"start":{"line":93,"column":26},"end":{"line":93,"column":34}},"57":{"start":{"line":94,"column":30},"end":{"line":94,"column":43}},"58":{"start":{"line":95,"column":12},"end":{"line":117,"column":13}},"59":{"start":{"line":97,"column":20},"end":{"line":97,"column":59}},"60":{"start":{"line":98,"column":20},"end":{"line":98,"column":26}},"61":{"start":{"line":100,"column":20},"end":{"line":100,"column":59}},"62":{"start":{"line":101,"column":20},"end":{"line":101,"column":26}},"63":{"start":{"line":103,"column":20},"end":{"line":103,"column":59}},"64":{"start":{"line":104,"column":20},"end":{"line":104,"column":26}},"65":{"start":{"line":106,"column":20},"end":{"line":106,"column":60}},"66":{"start":{"line":107,"column":20},"end":{"line":107,"column":26}},"67":{"start":{"line":109,"column":20},"end":{"line":109,"column":60}},"68":{"start":{"line":110,"column":20},"end":{"line":110,"column":26}},"69":{"start":{"line":112,"column":20},"end":{"line":112,"column":58}},"70":{"start":{"line":113,"column":20},"end":{"line":113,"column":26}},"71":{"start":{"line":115,"column":20},"end":{"line":115,"column":62}},"72":{"start":{"line":116,"column":20},"end":{"line":116,"column":26}}},"fnMap":{"0":{"name":"(anonymous_0)","decl":{"start":{"line":8,"column":4},"end":{"line":8,"column":5}},"loc":{"start":{"line":8,"column":35},"end":{"line":10,"column":5}},"line":8},"1":{"name":"(anonymous_1)","decl":{"start":{"line":11,"column":4},"end":{"line":11,"column":5}},"loc":{"start":{"line":11,"column":36},"end":{"line":13,"column":5}},"line":11},"2":{"name":"(anonymous_2)","decl":{"start":{"line":16,"column":4},"end":{"line":16,"column":5}},"loc":{"start":{"line":16,"column":24},"end":{"line":24,"column":5}},"line":16},"3":{"name":"(anonymous_3)","decl":{"start":{"line":25,"column":4},"end":{"line":25,"column":5}},"loc":{"start":{"line":25,"column":24},"end":{"line":36,"column":5}},"line":25},"4":{"name":"(anonymous_4)","decl":{"start":{"line":37,"column":4},"end":{"line":37,"column":5}},"loc":{"start":{"line":37,"column":25},"end":{"line":48,"column":5}},"line":37},"5":{"name":"(anonymous_5)","decl":{"start":{"line":49,"column":4},"end":{"line":49,"column":5}},"loc":{"start":{"line":49,"column":25},"end":{"line":61,"column":5}},"line":49},"6":{"name":"(anonymous_6)","decl":{"start":{"line":62,"column":4},"end":{"line":62,"column":5}},"loc":{"start":{"line":62,"column":23},"end":{"line":73,"column":5}},"line":62},"7":{"name":"(anonymous_7)","decl":{"start":{"line":74,"column":4},"end":{"line":74,"column":5}},"loc":{"start":{"line":74,"column":27},"end":{"line":85,"column":5}},"line":74},"8":{"name":"controlPanelValidation","decl":{"start":{"line":88,"column":24},"end":{"line":88,"column":46}},"loc":{"start":{"line":88,"column":50},"end":{"line":120,"column":1}},"line":88},"9":{"name":"(anonymous_9)","decl":{"start":{"line":91,"column":21},"end":{"line":91,"column":22}},"loc":{"start":{"line":91,"column":32},"end":{"line":119,"column":5}},"line":91},"10":{"name":"(anonymous_10)","decl":{"start":{"line":92,"column":43},"end":{"line":92,"column":44}},"loc":{"start":{"line":92,"column":50},"end":{"line":118,"column":9}},"line":92}},"branchMap":{"0":{"loc":{"start":{"line":9,"column":13},"end":{"line":9,"column":56}},"type":"binary-expr","locations":[{"start":{"line":9,"column":13},"end":{"line":9,"column":36}},{"start":{"line":9,"column":40},"end":{"line":9,"column":56}}],"line":9},"1":{"loc":{"start":{"line":12,"column":13},"end":{"line":12,"column":49}},"type":"binary-expr","locations":[{"start":{"line":12,"column":13},"end":{"line":12,"column":36}},{"start":{"line":12,"column":40},"end":{"line":12,"column":49}}],"line":12},"2":{"loc":{"start":{"line":18,"column":8},"end":{"line":23,"column":9}},"type":"if","locations":[{"start":{"line":18,"column":8},"end":{"line":23,"column":9}},{"start":{"line":18,"column":8},"end":{"line":23,"column":9}}],"line":18},"3":{"loc":{"start":{"line":28,"column":8},"end":{"line":35,"column":9}},"type":"if","locations":[{"start":{"line":28,"column":8},"end":{"line":35,"column":9}},{"start":{"line":28,"column":8},"end":{"line":35,"column":9}}],"line":28},"4":{"loc":{"start":{"line":40,"column":8},"end":{"line":47,"column":9}},"type":"if","locations":[{"start":{"line":40,"column":8},"end":{"line":47,"column":9}},{"start":{"line":40,"column":8},"end":{"line":47,"column":9}}],"line":40},"5":{"loc":{"start":{"line":53,"column":8},"end":{"line":60,"column":9}},"type":"if","locations":[{"start":{"line":53,"column":8},"end":{"line":60,"column":9}},{"start":{"line":53,"column":8},"end":{"line":60,"column":9}}],"line":53},"6":{"loc":{"start":{"line":65,"column":8},"end":{"line":72,"column":9}},"type":"if","locations":[{"start":{"line":65,"column":8},"end":{"line":72,"column":9}},{"start":{"line":65,"column":8},"end":{"line":72,"column":9}}],"line":65},"7":{"loc":{"start":{"line":65,"column":12},"end":{"line":65,"column":68}},"type":"binary-expr","locations":[{"start":{"line":65,"column":12},"end":{"line":65,"column":26}},{"start":{"line":65,"column":30},"end":{"line":65,"column":47}},{"start":{"line":65,"column":51},"end":{"line":65,"column":68}}],"line":65},"8":{"loc":{"start":{"line":77,"column":8},"end":{"line":84,"column":9}},"type":"if","locations":[{"start":{"line":77,"column":8},"end":{"line":84,"column":9}},{"start":{"line":77,"column":8},"end":{"line":84,"column":9}}],"line":77},"9":{"loc":{"start":{"line":95,"column":12},"end":{"line":117,"column":13}},"type":"switch","locations":[{"start":{"line":96,"column":16},"end":{"line":98,"column":26}},{"start":{"line":99,"column":16},"end":{"line":101,"column":26}},{"start":{"line":102,"column":16},"end":{"line":104,"column":26}},{"start":{"line":105,"column":16},"end":{"line":107,"column":26}},{"start":{"line":108,"column":16},"end":{"line":110,"column":26}},{"start":{"line":111,"column":16},"end":{"line":113,"column":26}},{"start":{"line":114,"column":16},"end":{"line":116,"column":26}}],"line":95}},"s":{"0":1,"1":1,"2":1,"3":1,"4":1,"5":0,"6":0,"7":1,"8":0,"9":0,"10":0,"11":0,"12":0,"13":0,"14":0,"15":0,"16":0,"17":0,"18":0,"19":0,"20":0,"21":0,"22":0,"23":0,"24":0,"25":0,"26":0,"27":0,"28":0,"29":0,"30":0,"31":0,"32":0,"33":0,"34":0,"35":0,"36":0,"37":0,"38":0,"39":0,"40":0,"41":0,"42":0,"43":0,"44":0,"45":0,"46":0,"47":0,"48":0,"49":0,"50":0,"51":0,"52":0,"53":0,"54":0,"55":0,"56":0,"57":0,"58":0,"59":0,"60":0,"61":0,"62":0,"63":0,"64":0,"65":0,"66":0,"67":0,"68":0,"69":0,"70":0,"71":0,"72":0},"f":{"0":0,"1":0,"2":0,"3":0,"4":0,"5":0,"6":0,"7":0,"8":0,"9":0,"10":0},"b":{"0":[0,0],"1":[0,0],"2":[0,0],"3":[0,0],"4":[0,0],"5":[0,0],"6":[0,0],"7":[0,0,0],"8":[0,0],"9":[0,0,0,0,0,0,0]},"_coverageSchema":"1a1c01bbd47fc00a2c39e90264f33305004495a9","hash":"8b4b218ae72617ba67ccc3e0e3c8cadba7ae5eb3"}
,"D:\\Deveducation\\Project_2\\src\\front\\modules\\main-page\\deletePerson.js": {"path":"D:\\Deveducation\\Project_2\\src\\front\\modules\\main-page\\deletePerson.js","statementMap":{"0":{"start":{"line":2,"column":27},"end":{"line":2,"column":68}},"1":{"start":{"line":3,"column":26},"end":{"line":3,"column":66}},"2":{"start":{"line":4,"column":21},"end":{"line":4,"column":56}},"3":{"start":{"line":5,"column":22},"end":{"line":5,"column":58}},"4":{"start":{"line":6,"column":29},"end":{"line":6,"column":72}},"5":{"start":{"line":7,"column":23},"end":{"line":7,"column":60}},"6":{"start":{"line":8,"column":29},"end":{"line":8,"column":72}},"7":{"start":{"line":9,"column":23},"end":{"line":9,"column":56}},"8":{"start":{"line":10,"column":23},"end":{"line":10,"column":56}},"9":{"start":{"line":11,"column":4},"end":{"line":11,"column":32}},"10":{"start":{"line":12,"column":4},"end":{"line":12,"column":31}},"11":{"start":{"line":14,"column":18},"end":{"line":14,"column":50}},"12":{"start":{"line":15,"column":20},"end":{"line":15,"column":59}},"13":{"start":{"line":16,"column":21},"end":{"line":16,"column":25}},"14":{"start":{"line":17,"column":26},"end":{"line":17,"column":36}},"15":{"start":{"line":19,"column":4},"end":{"line":47,"column":6}},"16":{"start":{"line":20,"column":25},"end":{"line":20,"column":47}},"17":{"start":{"line":21,"column":8},"end":{"line":46,"column":9}},"18":{"start":{"line":22,"column":12},"end":{"line":45,"column":14}},"19":{"start":{"line":23,"column":16},"end":{"line":44,"column":17}},"20":{"start":{"line":24,"column":20},"end":{"line":41,"column":21}},"21":{"start":{"line":25,"column":24},"end":{"line":25,"column":66}},"22":{"start":{"line":26,"column":24},"end":{"line":26,"column":42}},"23":{"start":{"line":27,"column":24},"end":{"line":27,"column":52}},"24":{"start":{"line":28,"column":24},"end":{"line":28,"column":51}},"25":{"start":{"line":29,"column":24},"end":{"line":37,"column":27}},"26":{"start":{"line":39,"column":24},"end":{"line":39,"column":47}},"27":{"start":{"line":40,"column":24},"end":{"line":40,"column":63}},"28":{"start":{"line":43,"column":20},"end":{"line":43,"column":62}},"29":{"start":{"line":49,"column":4},"end":{"line":70,"column":6}},"30":{"start":{"line":50,"column":8},"end":{"line":50,"column":35}},"31":{"start":{"line":51,"column":8},"end":{"line":51,"column":36}},"32":{"start":{"line":52,"column":25},"end":{"line":52,"column":47}},"33":{"start":{"line":53,"column":8},"end":{"line":69,"column":9}},"34":{"start":{"line":54,"column":34},"end":{"line":54,"column":73}},"35":{"start":{"line":55,"column":33},"end":{"line":55,"column":71}},"36":{"start":{"line":56,"column":28},"end":{"line":56,"column":61}},"37":{"start":{"line":57,"column":29},"end":{"line":57,"column":63}},"38":{"start":{"line":58,"column":36},"end":{"line":58,"column":77}},"39":{"start":{"line":59,"column":30},"end":{"line":59,"column":65}},"40":{"start":{"line":60,"column":36},"end":{"line":60,"column":77}},"41":{"start":{"line":62,"column":12},"end":{"line":62,"column":61}},"42":{"start":{"line":63,"column":12},"end":{"line":63,"column":59}},"43":{"start":{"line":64,"column":12},"end":{"line":64,"column":49}},"44":{"start":{"line":65,"column":12},"end":{"line":65,"column":51}},"45":{"start":{"line":66,"column":12},"end":{"line":66,"column":65}},"46":{"start":{"line":67,"column":12},"end":{"line":67,"column":53}},"47":{"start":{"line":68,"column":12},"end":{"line":68,"column":65}},"48":{"start":{"line":73,"column":84},"end":{"line":73,"column":90}},"49":{"start":{"line":74,"column":8},"end":{"line":74,"column":29}},"50":{"start":{"line":75,"column":8},"end":{"line":75,"column":28}},"51":{"start":{"line":76,"column":8},"end":{"line":76,"column":23}},"52":{"start":{"line":77,"column":8},"end":{"line":77,"column":24}},"53":{"start":{"line":78,"column":8},"end":{"line":78,"column":31}},"54":{"start":{"line":79,"column":8},"end":{"line":79,"column":25}},"55":{"start":{"line":80,"column":8},"end":{"line":80,"column":31}}},"fnMap":{"0":{"name":"deletePerson","decl":{"start":{"line":1,"column":24},"end":{"line":1,"column":36}},"loc":{"start":{"line":1,"column":40},"end":{"line":71,"column":1}},"line":1},"1":{"name":"(anonymous_1)","decl":{"start":{"line":19,"column":36},"end":{"line":19,"column":37}},"loc":{"start":{"line":19,"column":48},"end":{"line":47,"column":5}},"line":19},"2":{"name":"(anonymous_2)","decl":{"start":{"line":22,"column":28},"end":{"line":22,"column":29}},"loc":{"start":{"line":22,"column":41},"end":{"line":45,"column":13}},"line":22},"3":{"name":"(anonymous_3)","decl":{"start":{"line":49,"column":39},"end":{"line":49,"column":40}},"loc":{"start":{"line":49,"column":51},"end":{"line":70,"column":5}},"line":49},"4":{"name":"clearInputs","decl":{"start":{"line":72,"column":16},"end":{"line":72,"column":27}},"loc":{"start":{"line":72,"column":37},"end":{"line":81,"column":5}},"line":72}},"branchMap":{"0":{"loc":{"start":{"line":21,"column":8},"end":{"line":46,"column":9}},"type":"if","locations":[{"start":{"line":21,"column":8},"end":{"line":46,"column":9}},{"start":{"line":21,"column":8},"end":{"line":46,"column":9}}],"line":21},"1":{"loc":{"start":{"line":23,"column":16},"end":{"line":44,"column":17}},"type":"if","locations":[{"start":{"line":23,"column":16},"end":{"line":44,"column":17}},{"start":{"line":23,"column":16},"end":{"line":44,"column":17}}],"line":23},"2":{"loc":{"start":{"line":24,"column":20},"end":{"line":41,"column":21}},"type":"if","locations":[{"start":{"line":24,"column":20},"end":{"line":41,"column":21}},{"start":{"line":24,"column":20},"end":{"line":41,"column":21}}],"line":24},"3":{"loc":{"start":{"line":53,"column":8},"end":{"line":69,"column":9}},"type":"if","locations":[{"start":{"line":53,"column":8},"end":{"line":69,"column":9}},{"start":{"line":53,"column":8},"end":{"line":69,"column":9}}],"line":53}},"s":{"0":0,"1":0,"2":0,"3":0,"4":0,"5":0,"6":0,"7":0,"8":0,"9":0,"10":0,"11":0,"12":0,"13":0,"14":0,"15":0,"16":0,"17":0,"18":0,"19":0,"20":0,"21":0,"22":0,"23":0,"24":0,"25":0,"26":0,"27":0,"28":0,"29":0,"30":0,"31":0,"32":0,"33":0,"34":0,"35":0,"36":0,"37":0,"38":0,"39":0,"40":0,"41":0,"42":0,"43":0,"44":0,"45":0,"46":0,"47":0,"48":1,"49":1,"50":1,"51":1,"52":1,"53":1,"54":1,"55":1},"f":{"0":0,"1":0,"2":0,"3":0,"4":1},"b":{"0":[0,0],"1":[0,0],"2":[0,0],"3":[0,0]},"_coverageSchema":"1a1c01bbd47fc00a2c39e90264f33305004495a9","hash":"8ed585eea2020e5b0e817896fd663dc6b38a9725"}
,"D:\\Deveducation\\Project_2\\src\\front\\modules\\main-page\\handleLanguage.js": {"path":"D:\\Deveducation\\Project_2\\src\\front\\modules\\main-page\\handleLanguage.js","statementMap":{"0":{"start":{"line":2,"column":27},"end":{"line":2,"column":69}},"1":{"start":{"line":3,"column":30},"end":{"line":3,"column":75}},"2":{"start":{"line":4,"column":32},"end":{"line":4,"column":79}},"3":{"start":{"line":6,"column":27},"end":{"line":44,"column":5}},"4":{"start":{"line":45,"column":27},"end":{"line":83,"column":5}},"5":{"start":{"line":84,"column":33},"end":{"line":84,"column":82}},"6":{"start":{"line":85,"column":4},"end":{"line":85,"column":50}},"7":{"start":{"line":86,"column":4},"end":{"line":86,"column":110}},"8":{"start":{"line":88,"column":4},"end":{"line":90,"column":6}},"9":{"start":{"line":89,"column":8},"end":{"line":89,"column":116}},"10":{"start":{"line":93,"column":22},"end":{"line":93,"column":74}},"11":{"start":{"line":94,"column":4},"end":{"line":94,"column":52}},"12":{"start":{"line":96,"column":4},"end":{"line":99,"column":7}},"13":{"start":{"line":97,"column":29},"end":{"line":97,"column":49}},"14":{"start":{"line":98,"column":8},"end":{"line":98,"column":51}},"15":{"start":{"line":100,"column":4},"end":{"line":103,"column":6}},"16":{"start":{"line":101,"column":31},"end":{"line":101,"column":53}},"17":{"start":{"line":102,"column":8},"end":{"line":102,"column":54}},"18":{"start":{"line":106,"column":4},"end":{"line":113,"column":5}},"19":{"start":{"line":108,"column":12},"end":{"line":108,"column":34}},"20":{"start":{"line":110,"column":12},"end":{"line":110,"column":34}},"21":{"start":{"line":112,"column":12},"end":{"line":112,"column":34}}},"fnMap":{"0":{"name":"handleLanguage","decl":{"start":{"line":1,"column":24},"end":{"line":1,"column":38}},"loc":{"start":{"line":1,"column":42},"end":{"line":91,"column":1}},"line":1},"1":{"name":"(anonymous_1)","decl":{"start":{"line":88,"column":48},"end":{"line":88,"column":49}},"loc":{"start":{"line":88,"column":59},"end":{"line":90,"column":5}},"line":88},"2":{"name":"setLanguage","decl":{"start":{"line":92,"column":16},"end":{"line":92,"column":27}},"loc":{"start":{"line":92,"column":107},"end":{"line":104,"column":1}},"line":92},"3":{"name":"(anonymous_3)","decl":{"start":{"line":96,"column":30},"end":{"line":96,"column":31}},"loc":{"start":{"line":96,"column":38},"end":{"line":99,"column":5}},"line":96},"4":{"name":"(anonymous_4)","decl":{"start":{"line":100,"column":32},"end":{"line":100,"column":33}},"loc":{"start":{"line":100,"column":40},"end":{"line":103,"column":5}},"line":100},"5":{"name":"getTranslation","decl":{"start":{"line":105,"column":16},"end":{"line":105,"column":30}},"loc":{"start":{"line":105,"column":69},"end":{"line":114,"column":1}},"line":105}},"branchMap":{"0":{"loc":{"start":{"line":84,"column":33},"end":{"line":84,"column":82}},"type":"binary-expr","locations":[{"start":{"line":84,"column":33},"end":{"line":84,"column":74}},{"start":{"line":84,"column":78},"end":{"line":84,"column":82}}],"line":84},"1":{"loc":{"start":{"line":106,"column":4},"end":{"line":113,"column":5}},"type":"switch","locations":[{"start":{"line":107,"column":8},"end":{"line":108,"column":34}},{"start":{"line":109,"column":8},"end":{"line":110,"column":34}},{"start":{"line":111,"column":8},"end":{"line":112,"column":34}}],"line":106}},"s":{"0":0,"1":0,"2":0,"3":0,"4":0,"5":0,"6":0,"7":0,"8":0,"9":0,"10":0,"11":0,"12":0,"13":0,"14":0,"15":0,"16":0,"17":0,"18":0,"19":0,"20":0,"21":0},"f":{"0":0,"1":0,"2":0,"3":0,"4":0,"5":0},"b":{"0":[0,0],"1":[0,0,0]},"_coverageSchema":"1a1c01bbd47fc00a2c39e90264f33305004495a9","hash":"2a5a88fff959ad92076df82f7ddc8ec660661c30"}
,"D:\\Deveducation\\Project_2\\src\\front\\modules\\main-page\\inputsControl.js": {"path":"D:\\Deveducation\\Project_2\\src\\front\\modules\\main-page\\inputsControl.js","statementMap":{"0":{"start":{"line":4,"column":19},"end":{"line":4,"column":61}},"1":{"start":{"line":5,"column":23},"end":{"line":5,"column":67}},"2":{"start":{"line":6,"column":23},"end":{"line":6,"column":67}},"3":{"start":{"line":7,"column":21},"end":{"line":7,"column":63}},"4":{"start":{"line":8,"column":22},"end":{"line":8,"column":65}},"5":{"start":{"line":9,"column":22},"end":{"line":9,"column":55}},"6":{"start":{"line":11,"column":4},"end":{"line":17,"column":5}},"7":{"start":{"line":12,"column":8},"end":{"line":16,"column":10}},"8":{"start":{"line":13,"column":12},"end":{"line":15,"column":13}},"9":{"start":{"line":14,"column":16},"end":{"line":14,"column":100}},"10":{"start":{"line":20,"column":4},"end":{"line":20,"column":21}},"11":{"start":{"line":21,"column":4},"end":{"line":21,"column":40}},"12":{"start":{"line":22,"column":4},"end":{"line":22,"column":24}},"13":{"start":{"line":23,"column":4},"end":{"line":23,"column":32}},"14":{"start":{"line":24,"column":4},"end":{"line":24,"column":32}},"15":{"start":{"line":25,"column":4},"end":{"line":25,"column":30}},"16":{"start":{"line":26,"column":4},"end":{"line":26,"column":31}}},"fnMap":{"0":{"name":"inputsControl","decl":{"start":{"line":3,"column":24},"end":{"line":3,"column":37}},"loc":{"start":{"line":3,"column":41},"end":{"line":18,"column":1}},"line":3},"1":{"name":"(anonymous_1)","decl":{"start":{"line":12,"column":41},"end":{"line":12,"column":42}},"loc":{"start":{"line":12,"column":58},"end":{"line":16,"column":9}},"line":12},"2":{"name":"clearInputsCP","decl":{"start":{"line":19,"column":16},"end":{"line":19,"column":29}},"loc":{"start":{"line":19,"column":70},"end":{"line":27,"column":1}},"line":19}},"branchMap":{"0":{"loc":{"start":{"line":13,"column":12},"end":{"line":15,"column":13}},"type":"if","locations":[{"start":{"line":13,"column":12},"end":{"line":15,"column":13}},{"start":{"line":13,"column":12},"end":{"line":15,"column":13}}],"line":13}},"s":{"0":0,"1":0,"2":0,"3":0,"4":0,"5":0,"6":0,"7":0,"8":0,"9":0,"10":2,"11":2,"12":2,"13":2,"14":2,"15":2,"16":2},"f":{"0":0,"1":0,"2":2},"b":{"0":[0,0]},"_coverageSchema":"1a1c01bbd47fc00a2c39e90264f33305004495a9","hash":"30b7dc83b84d70bd95b98903d261d086c785851c"}
,"D:\\Deveducation\\Project_2\\src\\front\\modules\\main-page\\ripCookie.js": {"path":"D:\\Deveducation\\Project_2\\src\\front\\modules\\main-page\\ripCookie.js","statementMap":{"0":{"start":{"line":2,"column":15},"end":{"line":2,"column":26}},"1":{"start":{"line":3,"column":13},"end":{"line":3,"column":39}},"2":{"start":{"line":4,"column":4},"end":{"line":12,"column":5}},"3":{"start":{"line":4,"column":16},"end":{"line":4,"column":17}},"4":{"start":{"line":5,"column":14},"end":{"line":5,"column":19}},"5":{"start":{"line":6,"column":6},"end":{"line":8,"column":7}},"6":{"start":{"line":7,"column":8},"end":{"line":7,"column":27}},"7":{"start":{"line":9,"column":6},"end":{"line":11,"column":7}},"8":{"start":{"line":10,"column":8},"end":{"line":10,"column":50}},"9":{"start":{"line":13,"column":4},"end":{"line":13,"column":14}},"10":{"start":{"line":17,"column":4},"end":{"line":22,"column":13}},"11":{"start":{"line":18,"column":20},"end":{"line":18,"column":38}},"12":{"start":{"line":19,"column":8},"end":{"line":21,"column":21}},"13":{"start":{"line":20,"column":12},"end":{"line":20,"column":50}},"14":{"start":{"line":21,"column":15},"end":{"line":21,"column":21}}},"fnMap":{"0":{"name":"getCookie","decl":{"start":{"line":1,"column":16},"end":{"line":1,"column":25}},"loc":{"start":{"line":1,"column":33},"end":{"line":14,"column":1}},"line":1},"1":{"name":"checkCookie","decl":{"start":{"line":16,"column":24},"end":{"line":16,"column":35}},"loc":{"start":{"line":16,"column":38},"end":{"line":23,"column":1}},"line":16},"2":{"name":"(anonymous_2)","decl":{"start":{"line":17,"column":16},"end":{"line":17,"column":17}},"loc":{"start":{"line":17,"column":26},"end":{"line":22,"column":5}},"line":17}},"branchMap":{"0":{"loc":{"start":{"line":9,"column":6},"end":{"line":11,"column":7}},"type":"if","locations":[{"start":{"line":9,"column":6},"end":{"line":11,"column":7}},{"start":{"line":9,"column":6},"end":{"line":11,"column":7}}],"line":9},"1":{"loc":{"start":{"line":19,"column":8},"end":{"line":21,"column":21}},"type":"if","locations":[{"start":{"line":19,"column":8},"end":{"line":21,"column":21}},{"start":{"line":19,"column":8},"end":{"line":21,"column":21}}],"line":19}},"s":{"0":0,"1":0,"2":0,"3":0,"4":0,"5":0,"6":0,"7":0,"8":0,"9":0,"10":0,"11":0,"12":0,"13":0,"14":0},"f":{"0":0,"1":0,"2":0},"b":{"0":[0,0],"1":[0,0]},"_coverageSchema":"1a1c01bbd47fc00a2c39e90264f33305004495a9","hash":"21a95b9afdb929c5bd358ab42fc23b7b63311e05"}
,"D:\\Deveducation\\Project_2\\src\\front\\modules\\main-page\\settingsPopup.js": {"path":"D:\\Deveducation\\Project_2\\src\\front\\modules\\main-page\\settingsPopup.js","statementMap":{"0":{"start":{"line":5,"column":21},"end":{"line":5,"column":56}},"1":{"start":{"line":6,"column":26},"end":{"line":6,"column":66}},"2":{"start":{"line":7,"column":22},"end":{"line":7,"column":68}},"3":{"start":{"line":8,"column":21},"end":{"line":8,"column":66}},"4":{"start":{"line":9,"column":25},"end":{"line":9,"column":65}},"5":{"start":{"line":10,"column":18},"end":{"line":10,"column":59}},"6":{"start":{"line":11,"column":17},"end":{"line":11,"column":57}},"7":{"start":{"line":12,"column":17},"end":{"line":12,"column":50}},"8":{"start":{"line":13,"column":23},"end":{"line":13,"column":42}},"9":{"start":{"line":14,"column":33},"end":{"line":14,"column":80}},"10":{"start":{"line":16,"column":23},"end":{"line":20,"column":5}},"11":{"start":{"line":17,"column":8},"end":{"line":17,"column":58}},"12":{"start":{"line":18,"column":8},"end":{"line":18,"column":39}},"13":{"start":{"line":19,"column":8},"end":{"line":19,"column":44}},"14":{"start":{"line":22,"column":4},"end":{"line":25,"column":6}},"15":{"start":{"line":23,"column":8},"end":{"line":23,"column":22}},"16":{"start":{"line":24,"column":8},"end":{"line":24,"column":21}},"17":{"start":{"line":27,"column":4},"end":{"line":29,"column":6}},"18":{"start":{"line":28,"column":8},"end":{"line":28,"column":55}},"19":{"start":{"line":30,"column":4},"end":{"line":32,"column":6}},"20":{"start":{"line":31,"column":8},"end":{"line":31,"column":54}},"21":{"start":{"line":33,"column":4},"end":{"line":35,"column":6}},"22":{"start":{"line":34,"column":8},"end":{"line":34,"column":57}},"23":{"start":{"line":36,"column":4},"end":{"line":38,"column":6}},"24":{"start":{"line":37,"column":8},"end":{"line":37,"column":21}},"25":{"start":{"line":39,"column":4},"end":{"line":41,"column":6}},"26":{"start":{"line":40,"column":8},"end":{"line":40,"column":21}},"27":{"start":{"line":42,"column":4},"end":{"line":46,"column":6}},"28":{"start":{"line":43,"column":8},"end":{"line":45,"column":9}},"29":{"start":{"line":44,"column":12},"end":{"line":44,"column":25}},"30":{"start":{"line":47,"column":4},"end":{"line":51,"column":6}},"31":{"start":{"line":48,"column":8},"end":{"line":50,"column":9}},"32":{"start":{"line":49,"column":12},"end":{"line":49,"column":25}},"33":{"start":{"line":52,"column":4},"end":{"line":56,"column":6}},"34":{"start":{"line":53,"column":8},"end":{"line":55,"column":10}},"35":{"start":{"line":54,"column":12},"end":{"line":54,"column":41}}},"fnMap":{"0":{"name":"settingsPopup","decl":{"start":{"line":4,"column":24},"end":{"line":4,"column":37}},"loc":{"start":{"line":4,"column":41},"end":{"line":57,"column":1}},"line":4},"1":{"name":"(anonymous_1)","decl":{"start":{"line":16,"column":23},"end":{"line":16,"column":24}},"loc":{"start":{"line":16,"column":29},"end":{"line":20,"column":5}},"line":16},"2":{"name":"(anonymous_2)","decl":{"start":{"line":22,"column":51},"end":{"line":22,"column":52}},"loc":{"start":{"line":22,"column":57},"end":{"line":25,"column":5}},"line":22},"3":{"name":"(anonymous_3)","decl":{"start":{"line":27,"column":44},"end":{"line":27,"column":45}},"loc":{"start":{"line":27,"column":50},"end":{"line":29,"column":5}},"line":27},"4":{"name":"(anonymous_4)","decl":{"start":{"line":30,"column":44},"end":{"line":30,"column":45}},"loc":{"start":{"line":30,"column":50},"end":{"line":32,"column":5}},"line":30},"5":{"name":"(anonymous_5)","decl":{"start":{"line":33,"column":39},"end":{"line":33,"column":40}},"loc":{"start":{"line":33,"column":45},"end":{"line":35,"column":5}},"line":33},"6":{"name":"(anonymous_6)","decl":{"start":{"line":36,"column":40},"end":{"line":36,"column":41}},"loc":{"start":{"line":36,"column":46},"end":{"line":38,"column":5}},"line":36},"7":{"name":"(anonymous_7)","decl":{"start":{"line":39,"column":39},"end":{"line":39,"column":40}},"loc":{"start":{"line":39,"column":45},"end":{"line":41,"column":5}},"line":39},"8":{"name":"(anonymous_8)","decl":{"start":{"line":42,"column":37},"end":{"line":42,"column":38}},"loc":{"start":{"line":42,"column":54},"end":{"line":46,"column":5}},"line":42},"9":{"name":"(anonymous_9)","decl":{"start":{"line":47,"column":44},"end":{"line":47,"column":45}},"loc":{"start":{"line":47,"column":61},"end":{"line":51,"column":5}},"line":47},"10":{"name":"(anonymous_10)","decl":{"start":{"line":52,"column":17},"end":{"line":52,"column":18}},"loc":{"start":{"line":52,"column":26},"end":{"line":56,"column":5}},"line":52},"11":{"name":"(anonymous_11)","decl":{"start":{"line":53,"column":38},"end":{"line":53,"column":39}},"loc":{"start":{"line":53,"column":44},"end":{"line":55,"column":9}},"line":53}},"branchMap":{"0":{"loc":{"start":{"line":43,"column":8},"end":{"line":45,"column":9}},"type":"if","locations":[{"start":{"line":43,"column":8},"end":{"line":45,"column":9}},{"start":{"line":43,"column":8},"end":{"line":45,"column":9}}],"line":43},"1":{"loc":{"start":{"line":48,"column":8},"end":{"line":50,"column":9}},"type":"if","locations":[{"start":{"line":48,"column":8},"end":{"line":50,"column":9}},{"start":{"line":48,"column":8},"end":{"line":50,"column":9}}],"line":48}},"s":{"0":0,"1":0,"2":0,"3":0,"4":0,"5":0,"6":0,"7":0,"8":0,"9":0,"10":0,"11":0,"12":0,"13":0,"14":0,"15":0,"16":0,"17":0,"18":0,"19":0,"20":0,"21":0,"22":0,"23":0,"24":0,"25":0,"26":0,"27":0,"28":0,"29":0,"30":0,"31":0,"32":0,"33":0,"34":0,"35":0},"f":{"0":0,"1":0,"2":0,"3":0,"4":0,"5":0,"6":0,"7":0,"8":0,"9":0,"10":0,"11":0},"b":{"0":[0,0],"1":[0,0]},"_coverageSchema":"1a1c01bbd47fc00a2c39e90264f33305004495a9","hash":"80a5b4f458cb0e2c9be7f779553bf1a82443a380"}
,"D:\\Deveducation\\Project_2\\src\\front\\modules\\main-page\\sortData.js": {"path":"D:\\Deveducation\\Project_2\\src\\front\\modules\\main-page\\sortData.js","statementMap":{"0":{"start":{"line":2,"column":18},"end":{"line":2,"column":50}},"1":{"start":{"line":3,"column":17},"end":{"line":3,"column":57}},"2":{"start":{"line":4,"column":28},"end":{"line":4,"column":59}},"3":{"start":{"line":5,"column":25},"end":{"line":5,"column":71}},"4":{"start":{"line":6,"column":22},"end":{"line":6,"column":62}},"5":{"start":{"line":7,"column":22},"end":{"line":7,"column":61}},"6":{"start":{"line":8,"column":20},"end":{"line":8,"column":54}},"7":{"start":{"line":9,"column":21},"end":{"line":9,"column":56}},"8":{"start":{"line":10,"column":28},"end":{"line":10,"column":70}},"9":{"start":{"line":11,"column":22},"end":{"line":11,"column":58}},"10":{"start":{"line":12,"column":28},"end":{"line":12,"column":70}},"11":{"start":{"line":14,"column":4},"end":{"line":19,"column":6}},"12":{"start":{"line":15,"column":8},"end":{"line":15,"column":27}},"13":{"start":{"line":16,"column":23},"end":{"line":16,"column":31}},"14":{"start":{"line":17,"column":8},"end":{"line":17,"column":57}},"15":{"start":{"line":18,"column":8},"end":{"line":18,"column":69}},"16":{"start":{"line":20,"column":4},"end":{"line":20,"column":71}},"17":{"start":{"line":22,"column":4},"end":{"line":24,"column":6}},"18":{"start":{"line":23,"column":8},"end":{"line":23,"column":75}},"19":{"start":{"line":25,"column":4},"end":{"line":27,"column":6}},"20":{"start":{"line":26,"column":8},"end":{"line":26,"column":75}},"21":{"start":{"line":28,"column":4},"end":{"line":30,"column":6}},"22":{"start":{"line":29,"column":8},"end":{"line":29,"column":73}},"23":{"start":{"line":31,"column":4},"end":{"line":33,"column":6}},"24":{"start":{"line":32,"column":8},"end":{"line":32,"column":75}},"25":{"start":{"line":34,"column":4},"end":{"line":36,"column":6}},"26":{"start":{"line":35,"column":8},"end":{"line":35,"column":73}},"27":{"start":{"line":37,"column":4},"end":{"line":39,"column":6}},"28":{"start":{"line":38,"column":8},"end":{"line":38,"column":75}},"29":{"start":{"line":40,"column":4},"end":{"line":42,"column":6}},"30":{"start":{"line":41,"column":8},"end":{"line":41,"column":75}},"31":{"start":{"line":45,"column":22},"end":{"line":45,"column":54}},"32":{"start":{"line":46,"column":22},"end":{"line":46,"column":54}},"33":{"start":{"line":47,"column":21},"end":{"line":47,"column":61}},"34":{"start":{"line":48,"column":28},"end":{"line":48,"column":40}},"35":{"start":{"line":50,"column":27},"end":{"line":54,"column":10}},"36":{"start":{"line":51,"column":29},"end":{"line":51,"column":90}},"37":{"start":{"line":52,"column":29},"end":{"line":52,"column":90}},"38":{"start":{"line":53,"column":12},"end":{"line":53,"column":80}},"39":{"start":{"line":55,"column":8},"end":{"line":57,"column":9}},"40":{"start":{"line":56,"column":12},"end":{"line":56,"column":48}},"41":{"start":{"line":58,"column":8},"end":{"line":58,"column":36}},"42":{"start":{"line":60,"column":8},"end":{"line":62,"column":11}},"43":{"start":{"line":61,"column":12},"end":{"line":61,"column":62}},"44":{"start":{"line":63,"column":8},"end":{"line":63,"column":92}},"45":{"start":{"line":64,"column":8},"end":{"line":64,"column":94}},"46":{"start":{"line":67,"column":22},"end":{"line":67,"column":54}},"47":{"start":{"line":68,"column":22},"end":{"line":68,"column":54}},"48":{"start":{"line":69,"column":21},"end":{"line":69,"column":61}},"49":{"start":{"line":70,"column":28},"end":{"line":70,"column":40}},"50":{"start":{"line":72,"column":27},"end":{"line":76,"column":10}},"51":{"start":{"line":73,"column":29},"end":{"line":73,"column":98}},"52":{"start":{"line":74,"column":29},"end":{"line":74,"column":98}},"53":{"start":{"line":75,"column":12},"end":{"line":75,"column":80}},"54":{"start":{"line":77,"column":8},"end":{"line":79,"column":9}},"55":{"start":{"line":78,"column":12},"end":{"line":78,"column":48}},"56":{"start":{"line":80,"column":8},"end":{"line":80,"column":36}},"57":{"start":{"line":82,"column":8},"end":{"line":84,"column":11}},"58":{"start":{"line":83,"column":12},"end":{"line":83,"column":62}},"59":{"start":{"line":85,"column":8},"end":{"line":85,"column":92}},"60":{"start":{"line":86,"column":8},"end":{"line":86,"column":94}}},"fnMap":{"0":{"name":"sortData","decl":{"start":{"line":1,"column":24},"end":{"line":1,"column":32}},"loc":{"start":{"line":1,"column":36},"end":{"line":88,"column":1}},"line":1},"1":{"name":"(anonymous_1)","decl":{"start":{"line":14,"column":43},"end":{"line":14,"column":44}},"loc":{"start":{"line":14,"column":50},"end":{"line":19,"column":5}},"line":14},"2":{"name":"(anonymous_2)","decl":{"start":{"line":22,"column":40},"end":{"line":22,"column":41}},"loc":{"start":{"line":22,"column":46},"end":{"line":24,"column":5}},"line":22},"3":{"name":"(anonymous_3)","decl":{"start":{"line":25,"column":40},"end":{"line":25,"column":41}},"loc":{"start":{"line":25,"column":46},"end":{"line":27,"column":5}},"line":25},"4":{"name":"(anonymous_4)","decl":{"start":{"line":28,"column":38},"end":{"line":28,"column":39}},"loc":{"start":{"line":28,"column":44},"end":{"line":30,"column":5}},"line":28},"5":{"name":"(anonymous_5)","decl":{"start":{"line":31,"column":39},"end":{"line":31,"column":40}},"loc":{"start":{"line":31,"column":45},"end":{"line":33,"column":5}},"line":31},"6":{"name":"(anonymous_6)","decl":{"start":{"line":34,"column":46},"end":{"line":34,"column":47}},"loc":{"start":{"line":34,"column":52},"end":{"line":36,"column":5}},"line":34},"7":{"name":"(anonymous_7)","decl":{"start":{"line":37,"column":40},"end":{"line":37,"column":41}},"loc":{"start":{"line":37,"column":46},"end":{"line":39,"column":5}},"line":37},"8":{"name":"(anonymous_8)","decl":{"start":{"line":40,"column":46},"end":{"line":40,"column":47}},"loc":{"start":{"line":40,"column":52},"end":{"line":42,"column":5}},"line":40},"9":{"name":"sortTableByColumn","decl":{"start":{"line":44,"column":13},"end":{"line":44,"column":30}},"loc":{"start":{"line":44,"column":52},"end":{"line":65,"column":5}},"line":44},"10":{"name":"(anonymous_10)","decl":{"start":{"line":50,"column":37},"end":{"line":50,"column":38}},"loc":{"start":{"line":50,"column":46},"end":{"line":54,"column":9}},"line":50},"11":{"name":"(anonymous_11)","decl":{"start":{"line":60,"column":45},"end":{"line":60,"column":46}},"loc":{"start":{"line":60,"column":50},"end":{"line":62,"column":9}},"line":60},"12":{"name":"sortAgeByColumn","decl":{"start":{"line":66,"column":13},"end":{"line":66,"column":28}},"loc":{"start":{"line":66,"column":50},"end":{"line":87,"column":5}},"line":66},"13":{"name":"(anonymous_13)","decl":{"start":{"line":72,"column":37},"end":{"line":72,"column":38}},"loc":{"start":{"line":72,"column":46},"end":{"line":76,"column":9}},"line":72},"14":{"name":"(anonymous_14)","decl":{"start":{"line":82,"column":45},"end":{"line":82,"column":46}},"loc":{"start":{"line":82,"column":50},"end":{"line":84,"column":9}},"line":82}},"branchMap":{"0":{"loc":{"start":{"line":44,"column":40},"end":{"line":44,"column":50}},"type":"default-arg","locations":[{"start":{"line":44,"column":46},"end":{"line":44,"column":50}}],"line":44},"1":{"loc":{"start":{"line":48,"column":28},"end":{"line":48,"column":40}},"type":"cond-expr","locations":[{"start":{"line":48,"column":34},"end":{"line":48,"column":35}},{"start":{"line":48,"column":38},"end":{"line":48,"column":40}}],"line":48},"2":{"loc":{"start":{"line":53,"column":19},"end":{"line":53,"column":79}},"type":"cond-expr","locations":[{"start":{"line":53,"column":42},"end":{"line":53,"column":57}},{"start":{"line":53,"column":62},"end":{"line":53,"column":78}}],"line":53},"3":{"loc":{"start":{"line":66,"column":38},"end":{"line":66,"column":48}},"type":"default-arg","locations":[{"start":{"line":66,"column":44},"end":{"line":66,"column":48}}],"line":66},"4":{"loc":{"start":{"line":70,"column":28},"end":{"line":70,"column":40}},"type":"cond-expr","locations":[{"start":{"line":70,"column":34},"end":{"line":70,"column":35}},{"start":{"line":70,"column":38},"end":{"line":70,"column":40}}],"line":70},"5":{"loc":{"start":{"line":75,"column":19},"end":{"line":75,"column":79}},"type":"cond-expr","locations":[{"start":{"line":75,"column":42},"end":{"line":75,"column":57}},{"start":{"line":75,"column":62},"end":{"line":75,"column":78}}],"line":75}},"s":{"0":0,"1":0,"2":0,"3":0,"4":0,"5":0,"6":0,"7":0,"8":0,"9":0,"10":0,"11":0,"12":0,"13":0,"14":0,"15":0,"16":0,"17":0,"18":0,"19":0,"20":0,"21":0,"22":0,"23":0,"24":0,"25":0,"26":0,"27":0,"28":0,"29":0,"30":0,"31":0,"32":0,"33":0,"34":0,"35":0,"36":0,"37":0,"38":0,"39":0,"40":0,"41":0,"42":0,"43":0,"44":0,"45":0,"46":0,"47":0,"48":0,"49":0,"50":0,"51":0,"52":0,"53":0,"54":0,"55":0,"56":0,"57":0,"58":0,"59":0,"60":0},"f":{"0":0,"1":0,"2":0,"3":0,"4":0,"5":0,"6":0,"7":0,"8":0,"9":0,"10":0,"11":0,"12":0,"13":0,"14":0},"b":{"0":[0],"1":[0,0],"2":[0,0],"3":[0],"4":[0,0],"5":[0,0]},"_coverageSchema":"1a1c01bbd47fc00a2c39e90264f33305004495a9","hash":"ddb1a805783611e68e44c4ee7e88bd8fe8ee4cc0"}
,"D:\\Deveducation\\Project_2\\src\\front\\modules\\main-page\\supportMain.js": {"path":"D:\\Deveducation\\Project_2\\src\\front\\modules\\main-page\\supportMain.js","statementMap":{"0":{"start":{"line":1,"column":20},"end":{"line":43,"column":1}},"1":{"start":{"line":3,"column":8},"end":{"line":3,"column":38}},"2":{"start":{"line":6,"column":8},"end":{"line":6,"column":35}},"3":{"start":{"line":9,"column":8},"end":{"line":9,"column":36}},"4":{"start":{"line":12,"column":8},"end":{"line":14,"column":9}},"5":{"start":{"line":13,"column":10},"end":{"line":13,"column":40}},"6":{"start":{"line":17,"column":8},"end":{"line":19,"column":9}},"7":{"start":{"line":18,"column":10},"end":{"line":18,"column":40}},"8":{"start":{"line":22,"column":8},"end":{"line":24,"column":9}},"9":{"start":{"line":23,"column":12},"end":{"line":23,"column":19}},"10":{"start":{"line":25,"column":8},"end":{"line":27,"column":9}},"11":{"start":{"line":26,"column":12},"end":{"line":26,"column":25}},"12":{"start":{"line":30,"column":8},"end":{"line":36,"column":10}},"13":{"start":{"line":31,"column":12},"end":{"line":35,"column":13}},"14":{"start":{"line":32,"column":16},"end":{"line":32,"column":32}},"15":{"start":{"line":33,"column":19},"end":{"line":35,"column":13}},"16":{"start":{"line":34,"column":16},"end":{"line":34,"column":36}},"17":{"start":{"line":39,"column":8},"end":{"line":41,"column":11}},"18":{"start":{"line":40,"column":12},"end":{"line":40,"column":36}}},"fnMap":{"0":{"name":"(anonymous_0)","decl":{"start":{"line":2,"column":4},"end":{"line":2,"column":5}},"loc":{"start":{"line":2,"column":28},"end":{"line":4,"column":5}},"line":2},"1":{"name":"(anonymous_1)","decl":{"start":{"line":5,"column":4},"end":{"line":5,"column":5}},"loc":{"start":{"line":5,"column":29},"end":{"line":7,"column":5}},"line":5},"2":{"name":"(anonymous_2)","decl":{"start":{"line":8,"column":4},"end":{"line":8,"column":5}},"loc":{"start":{"line":8,"column":23},"end":{"line":10,"column":5}},"line":8},"3":{"name":"(anonymous_3)","decl":{"start":{"line":11,"column":4},"end":{"line":11,"column":5}},"loc":{"start":{"line":11,"column":38},"end":{"line":15,"column":5}},"line":11},"4":{"name":"(anonymous_4)","decl":{"start":{"line":16,"column":4},"end":{"line":16,"column":5}},"loc":{"start":{"line":16,"column":42},"end":{"line":20,"column":5}},"line":16},"5":{"name":"(anonymous_5)","decl":{"start":{"line":21,"column":4},"end":{"line":21,"column":5}},"loc":{"start":{"line":21,"column":23},"end":{"line":28,"column":5}},"line":21},"6":{"name":"(anonymous_6)","decl":{"start":{"line":29,"column":4},"end":{"line":29,"column":5}},"loc":{"start":{"line":29,"column":23},"end":{"line":37,"column":5}},"line":29},"7":{"name":"(anonymous_7)","decl":{"start":{"line":30,"column":23},"end":{"line":30,"column":24}},"loc":{"start":{"line":30,"column":30},"end":{"line":36,"column":9}},"line":30},"8":{"name":"(anonymous_8)","decl":{"start":{"line":38,"column":4},"end":{"line":38,"column":5}},"loc":{"start":{"line":38,"column":30},"end":{"line":42,"column":5}},"line":38},"9":{"name":"(anonymous_9)","decl":{"start":{"line":39,"column":23},"end":{"line":39,"column":24}},"loc":{"start":{"line":39,"column":32},"end":{"line":41,"column":9}},"line":39}},"branchMap":{"0":{"loc":{"start":{"line":12,"column":8},"end":{"line":14,"column":9}},"type":"if","locations":[{"start":{"line":12,"column":8},"end":{"line":14,"column":9}},{"start":{"line":12,"column":8},"end":{"line":14,"column":9}}],"line":12},"1":{"loc":{"start":{"line":17,"column":8},"end":{"line":19,"column":9}},"type":"if","locations":[{"start":{"line":17,"column":8},"end":{"line":19,"column":9}},{"start":{"line":17,"column":8},"end":{"line":19,"column":9}}],"line":17},"2":{"loc":{"start":{"line":22,"column":8},"end":{"line":24,"column":9}},"type":"if","locations":[{"start":{"line":22,"column":8},"end":{"line":24,"column":9}},{"start":{"line":22,"column":8},"end":{"line":24,"column":9}}],"line":22},"3":{"loc":{"start":{"line":31,"column":12},"end":{"line":35,"column":13}},"type":"if","locations":[{"start":{"line":31,"column":12},"end":{"line":35,"column":13}},{"start":{"line":31,"column":12},"end":{"line":35,"column":13}}],"line":31},"4":{"loc":{"start":{"line":33,"column":19},"end":{"line":35,"column":13}},"type":"if","locations":[{"start":{"line":33,"column":19},"end":{"line":35,"column":13}},{"start":{"line":33,"column":19},"end":{"line":35,"column":13}}],"line":33}},"s":{"0":4,"1":1,"2":2,"3":1,"4":0,"5":0,"6":0,"7":0,"8":2,"9":1,"10":1,"11":2,"12":2,"13":4,"14":2,"15":2,"16":2,"17":2,"18":4},"f":{"0":1,"1":2,"2":1,"3":0,"4":0,"5":2,"6":2,"7":4,"8":2,"9":4},"b":{"0":[0,0],"1":[0,0],"2":[1,1],"3":[2,2],"4":[2,0]},"_coverageSchema":"1a1c01bbd47fc00a2c39e90264f33305004495a9","hash":"a0a3858bf5379743095c575f889ef66f14923556"}
,"D:\\Deveducation\\Project_2\\src\\front\\modules\\main-page\\themeHandler.js": {"path":"D:\\Deveducation\\Project_2\\src\\front\\modules\\main-page\\themeHandler.js","statementMap":{"0":{"start":{"line":2,"column":20},"end":{"line":2,"column":54}},"1":{"start":{"line":3,"column":26},"end":{"line":3,"column":65}},"2":{"start":{"line":4,"column":30},"end":{"line":4,"column":79}},"3":{"start":{"line":5,"column":4},"end":{"line":5,"column":44}},"4":{"start":{"line":6,"column":4},"end":{"line":6,"column":41}},"5":{"start":{"line":8,"column":4},"end":{"line":10,"column":6}},"6":{"start":{"line":9,"column":8},"end":{"line":9,"column":47}},"7":{"start":{"line":13,"column":27},"end":{"line":13,"column":39}},"8":{"start":{"line":14,"column":28},"end":{"line":14,"column":41}},"9":{"start":{"line":15,"column":4},"end":{"line":15,"column":50}},"10":{"start":{"line":16,"column":4},"end":{"line":24,"column":5}},"11":{"start":{"line":18,"column":12},"end":{"line":18,"column":64}},"12":{"start":{"line":19,"column":12},"end":{"line":19,"column":18}},"13":{"start":{"line":22,"column":12},"end":{"line":22,"column":65}},"14":{"start":{"line":23,"column":12},"end":{"line":23,"column":18}}},"fnMap":{"0":{"name":"themeHandler","decl":{"start":{"line":1,"column":24},"end":{"line":1,"column":36}},"loc":{"start":{"line":1,"column":40},"end":{"line":11,"column":1}},"line":1},"1":{"name":"(anonymous_1)","decl":{"start":{"line":8,"column":45},"end":{"line":8,"column":46}},"loc":{"start":{"line":8,"column":51},"end":{"line":10,"column":5}},"line":8},"2":{"name":"setTheme","decl":{"start":{"line":12,"column":16},"end":{"line":12,"column":24}},"loc":{"start":{"line":12,"column":45},"end":{"line":25,"column":1}},"line":12}},"branchMap":{"0":{"loc":{"start":{"line":4,"column":30},"end":{"line":4,"column":79}},"type":"binary-expr","locations":[{"start":{"line":4,"column":30},"end":{"line":4,"column":68}},{"start":{"line":4,"column":72},"end":{"line":4,"column":79}}],"line":4},"1":{"loc":{"start":{"line":16,"column":4},"end":{"line":24,"column":5}},"type":"switch","locations":[{"start":{"line":17,"column":8},"end":{"line":19,"column":18}},{"start":{"line":21,"column":8},"end":{"line":23,"column":18}}],"line":16}},"s":{"0":0,"1":0,"2":0,"3":0,"4":0,"5":0,"6":0,"7":0,"8":0,"9":0,"10":0,"11":0,"12":0,"13":0,"14":0},"f":{"0":0,"1":0,"2":0},"b":{"0":[0,0],"1":[0,0]},"_coverageSchema":"1a1c01bbd47fc00a2c39e90264f33305004495a9","hash":"bcc9ecad56174cd85c9ad31beb7a320b3396fde9"}
}
