TN:
SF:src\front\modules\main.js
FN:5,main
FN:40,spinnerShow
FN:45,spinnerHide
FN:50,nameDB
FN:70,getIdPersons
FN:71,(anonymous_5)
FN:77,deleteBtnPerson
FN:78,del
FN:84,(anonymous_8)
FN:87,(anonymous_9)
FN:94,(anonymous_10)
FN:99,getDefaultPersons
FN:102,(anonymous_12)
FN:103,(anonymous_13)
FN:106,(anonymous_14)
FN:112,(anonymous_15)
FN:117,putPersons
FN:132,(anonymous_17)
FN:136,(anonymous_18)
FN:142,addPersons
FN:156,(anonymous_20)
FN:162,(anonymous_21)
FN:165,(anonymous_22)
FN:173,(anonymous_23)
FN:185,(anonymous_24)
FN:193,(anonymous_25)
FN:199,searchBar
FN:202,(anonymous_27)
FN:203,(anonymous_28)
FN:207,(anonymous_29)
FN:213,(anonymous_30)
FN:217,filterArray
FN:225,(anonymous_32)
FN:234,(anonymous_33)
FN:243,(anonymous_34)
FN:253,clerAll
FN:256,(anonymous_36)
FN:259,(anonymous_37)
FN:272,renderTable
FNF:39
FNH:0
FNDA:0,main
FNDA:0,spinnerShow
FNDA:0,spinnerHide
FNDA:0,nameDB
FNDA:0,getIdPersons
FNDA:0,(anonymous_5)
FNDA:0,deleteBtnPerson
FNDA:0,del
FNDA:0,(anonymous_8)
FNDA:0,(anonymous_9)
FNDA:0,(anonymous_10)
FNDA:0,getDefaultPersons
FNDA:0,(anonymous_12)
FNDA:0,(anonymous_13)
FNDA:0,(anonymous_14)
FNDA:0,(anonymous_15)
FNDA:0,putPersons
FNDA:0,(anonymous_17)
FNDA:0,(anonymous_18)
FNDA:0,addPersons
FNDA:0,(anonymous_20)
FNDA:0,(anonymous_21)
FNDA:0,(anonymous_22)
FNDA:0,(anonymous_23)
FNDA:0,(anonymous_24)
FNDA:0,(anonymous_25)
FNDA:0,searchBar
FNDA:0,(anonymous_27)
FNDA:0,(anonymous_28)
FNDA:0,(anonymous_29)
FNDA:0,(anonymous_30)
FNDA:0,filterArray
FNDA:0,(anonymous_32)
FNDA:0,(anonymous_33)
FNDA:0,(anonymous_34)
FNDA:0,clerAll
FNDA:0,(anonymous_36)
FNDA:0,(anonymous_37)
FNDA:0,renderTable
DA:7,0
DA:9,0
DA:10,0
DA:11,0
DA:12,0
DA:13,0
DA:14,0
DA:15,0
DA:16,0
DA:17,0
DA:18,0
DA:19,0
DA:20,0
DA:21,0
DA:22,0
DA:23,0
DA:26,0
DA:27,0
DA:28,0
DA:30,0
DA:31,0
DA:33,0
DA:41,0
DA:42,0
DA:46,0
DA:47,0
DA:51,0
DA:52,0
DA:54,0
DA:56,0
DA:58,0
DA:60,0
DA:62,0
DA:64,0
DA:66,0
DA:71,0
DA:72,0
DA:73,0
DA:79,0
DA:80,0
DA:81,0
DA:82,0
DA:83,0
DA:85,0
DA:86,0
DA:87,0
DA:88,0
DA:94,0
DA:95,0
DA:100,0
DA:101,0
DA:102,0
DA:104,0
DA:107,0
DA:108,0
DA:109,0
DA:110,0
DA:113,0
DA:118,0
DA:119,0
DA:130,0
DA:131,0
DA:133,0
DA:134,0
DA:135,0
DA:136,0
DA:137,0
DA:143,0
DA:154,0
DA:155,0
DA:156,0
DA:157,0
DA:160,0
DA:161,0
DA:163,0
DA:164,0
DA:165,0
DA:166,0
DA:168,0
DA:173,0
DA:174,0
DA:175,0
DA:176,0
DA:177,0
DA:180,0
DA:181,0
DA:183,0
DA:185,0
DA:186,0
DA:187,0
DA:188,0
DA:191,0
DA:193,0
DA:194,0
DA:195,0
DA:196,0
DA:200,0
DA:201,0
DA:202,0
DA:204,0
DA:205,0
DA:208,0
DA:209,0
DA:210,0
DA:211,0
DA:214,0
DA:218,0
DA:219,0
DA:220,0
DA:221,0
DA:223,0
DA:224,0
DA:225,0
DA:226,0
DA:227,0
DA:230,0
DA:232,0
DA:233,0
DA:234,0
DA:235,0
DA:236,0
DA:239,0
DA:241,0
DA:242,0
DA:243,0
DA:244,0
DA:245,0
DA:248,0
DA:254,0
DA:255,0
DA:257,0
DA:258,0
DA:259,0
DA:260,0
DA:265,0
DA:267,0
DA:268,0
DA:273,0
DA:274,0
DA:275,0
DA:276,0
DA:277,0
DA:278,0
DA:279,0
DA:289,0
LF:145
LH:0
BRDA:52,0,0,0
BRDA:52,0,1,0
BRDA:52,0,2,0
BRDA:52,0,3,0
BRDA:52,0,4,0
BRDA:52,0,5,0
BRDA:52,0,6,0
BRDA:82,1,0,0
BRDA:82,1,1,0
BRDA:154,2,0,0
BRDA:154,2,1,0
BRDA:154,3,0,0
BRDA:154,3,1,0
BRDA:154,3,2,0
BRDA:154,3,3,0
BRDA:154,3,4,0
BRDA:154,3,5,0
BRDA:154,3,6,0
BRDA:220,4,0,0
BRDA:220,4,1,0
BRDA:220,5,0,0
BRDA:220,5,1,0
BRDA:223,6,0,0
BRDA:223,6,1,0
BRDA:223,7,0,0
BRDA:223,7,1,0
BRDA:226,8,0,0
BRDA:226,8,1,0
BRDA:232,9,0,0
BRDA:232,9,1,0
BRDA:232,10,0,0
BRDA:232,10,1,0
BRDA:235,11,0,0
BRDA:235,11,1,0
BRDA:241,12,0,0
BRDA:241,12,1,0
BRDA:241,13,0,0
BRDA:241,13,1,0
BRDA:244,14,0,0
BRDA:244,14,1,0
BRDA:244,15,0,0
BRDA:244,15,1,0
BRF:42
BRH:0
end_of_record
TN:
SF:src\front\modules\request.js
FN:1,getCookie
FN:8,postRequest
FN:21,putRequest
FN:34,getRequest
FN:45,deleteRequest
FNF:5
FNH:0
FNDA:0,getCookie
FNDA:0,postRequest
FNDA:0,putRequest
FNDA:0,getRequest
FNDA:0,deleteRequest
DA:2,0
DA:5,0
DA:9,0
DA:10,0
DA:22,0
DA:23,0
DA:35,0
DA:36,0
DA:46,0
DA:47,0
LF:10
LH:0
BRDA:5,0,0,0
BRDA:5,0,1,0
BRF:2
BRH:0
end_of_record
TN:
SF:src\front\modules\main-page\deletePerson.js
FN:1,deletePerson
FN:19,(anonymous_1)
FN:22,(anonymous_2)
FN:49,(anonymous_3)
FN:72,clearInputs
FNF:5
FNH:0
FNDA:0,deletePerson
FNDA:0,(anonymous_1)
FNDA:0,(anonymous_2)
FNDA:0,(anonymous_3)
FNDA:0,clearInputs
DA:2,0
DA:3,0
DA:4,0
DA:5,0
DA:6,0
DA:7,0
DA:8,0
DA:9,0
DA:10,0
DA:11,0
DA:12,0
DA:14,0
DA:15,0
DA:16,0
DA:17,0
DA:19,0
DA:20,0
DA:21,0
DA:22,0
DA:23,0
DA:24,0
DA:25,0
DA:26,0
DA:27,0
DA:28,0
DA:29,0
DA:39,0
DA:40,0
DA:43,0
DA:49,0
DA:50,0
DA:51,0
DA:52,0
DA:53,0
DA:54,0
DA:55,0
DA:56,0
DA:57,0
DA:58,0
DA:59,0
DA:60,0
DA:62,0
DA:63,0
DA:64,0
DA:65,0
DA:66,0
DA:67,0
DA:68,0
DA:73,0
DA:74,0
DA:75,0
DA:76,0
DA:77,0
DA:78,0
DA:79,0
DA:80,0
LF:56
LH:0
BRDA:21,0,0,0
BRDA:21,0,1,0
BRDA:23,1,0,0
BRDA:23,1,1,0
BRDA:24,2,0,0
BRDA:24,2,1,0
BRDA:53,3,0,0
BRDA:53,3,1,0
BRF:8
BRH:0
end_of_record
TN:
SF:src\front\modules\main-page\sortData.js
FN:1,sortData
FN:14,(anonymous_1)
FN:22,(anonymous_2)
FN:25,(anonymous_3)
FN:28,(anonymous_4)
FN:31,(anonymous_5)
FN:34,(anonymous_6)
FN:37,(anonymous_7)
FN:40,(anonymous_8)
FN:44,sortTableByColumn
FN:50,(anonymous_10)
FN:60,(anonymous_11)
FN:66,sortAgeByColumn
FN:72,(anonymous_13)
FN:82,(anonymous_14)
FNF:15
FNH:0
FNDA:0,sortData
FNDA:0,(anonymous_1)
FNDA:0,(anonymous_2)
FNDA:0,(anonymous_3)
FNDA:0,(anonymous_4)
FNDA:0,(anonymous_5)
FNDA:0,(anonymous_6)
FNDA:0,(anonymous_7)
FNDA:0,(anonymous_8)
FNDA:0,sortTableByColumn
FNDA:0,(anonymous_10)
FNDA:0,(anonymous_11)
FNDA:0,sortAgeByColumn
FNDA:0,(anonymous_13)
FNDA:0,(anonymous_14)
DA:2,0
DA:3,0
DA:4,0
DA:5,0
DA:6,0
DA:7,0
DA:8,0
DA:9,0
DA:10,0
DA:11,0
DA:12,0
DA:14,0
DA:15,0
DA:16,0
DA:17,0
DA:18,0
DA:20,0
DA:22,0
DA:23,0
DA:25,0
DA:26,0
DA:28,0
DA:29,0
DA:31,0
DA:32,0
DA:34,0
DA:35,0
DA:37,0
DA:38,0
DA:40,0
DA:41,0
DA:45,0
DA:46,0
DA:47,0
DA:48,0
DA:50,0
DA:51,0
DA:52,0
DA:53,0
DA:55,0
DA:56,0
DA:58,0
DA:60,0
DA:61,0
DA:63,0
DA:64,0
DA:67,0
DA:68,0
DA:69,0
DA:70,0
DA:72,0
DA:73,0
DA:74,0
DA:75,0
DA:77,0
DA:78,0
DA:80,0
DA:82,0
DA:83,0
DA:85,0
DA:86,0
LF:61
LH:0
BRDA:44,0,0,0
BRDA:48,1,0,0
BRDA:48,1,1,0
BRDA:53,2,0,0
BRDA:53,2,1,0
BRDA:66,3,0,0
BRDA:70,4,0,0
BRDA:70,4,1,0
BRDA:75,5,0,0
BRDA:75,5,1,0
BRF:10
BRH:0
end_of_record
