TN:
SF:src\front\modules\main.js
FN:8,main
FN:40,spinnerShow
FN:44,spinnerHide
FN:48,nameDB
FN:66,getIdPersons
FN:67,(anonymous_5)
FN:72,deleteBtnPerson
FN:73,del
FN:79,(anonymous_8)
FN:82,(anonymous_9)
FN:88,(anonymous_10)
FN:92,getDefaultPersons
FN:95,(anonymous_12)
FN:96,(anonymous_13)
FN:99,(anonymous_14)
FN:105,(anonymous_15)
FN:109,putPersons
FN:125,(anonymous_17)
FN:129,(anonymous_18)
FN:135,(anonymous_19)
FN:140,addPersons
FN:153,(anonymous_21)
FN:159,(anonymous_22)
FN:162,(anonymous_23)
FN:169,(anonymous_24)
FN:181,(anonymous_25)
FN:189,(anonymous_26)
FN:195,searchBar
FN:198,(anonymous_28)
FN:199,(anonymous_29)
FN:202,(anonymous_30)
FN:208,(anonymous_31)
FN:212,filterArray
FN:220,(anonymous_33)
FN:229,(anonymous_34)
FN:238,(anonymous_35)
FN:247,clerAll
FN:250,(anonymous_37)
FN:253,(anonymous_38)
FN:265,renderTable
FNF:40
FNH:0
FNDA:0,main
FNDA:0,spinnerShow
FNDA:0,spinnerHide
FNDA:0,nameDB
FNDA:0,getIdPersons
FNDA:0,(anonymous_5)
FNDA:0,deleteBtnPerson
FNDA:0,del
FNDA:0,(anonymous_8)
FNDA:0,(anonymous_9)
FNDA:0,(anonymous_10)
FNDA:0,getDefaultPersons
FNDA:0,(anonymous_12)
FNDA:0,(anonymous_13)
FNDA:0,(anonymous_14)
FNDA:0,(anonymous_15)
FNDA:0,putPersons
FNDA:0,(anonymous_17)
FNDA:0,(anonymous_18)
FNDA:0,(anonymous_19)
FNDA:0,addPersons
FNDA:0,(anonymous_21)
FNDA:0,(anonymous_22)
FNDA:0,(anonymous_23)
FNDA:0,(anonymous_24)
FNDA:0,(anonymous_25)
FNDA:0,(anonymous_26)
FNDA:0,searchBar
FNDA:0,(anonymous_28)
FNDA:0,(anonymous_29)
FNDA:0,(anonymous_30)
FNDA:0,(anonymous_31)
FNDA:0,filterArray
FNDA:0,(anonymous_33)
FNDA:0,(anonymous_34)
FNDA:0,(anonymous_35)
FNDA:0,clerAll
FNDA:0,(anonymous_37)
FNDA:0,(anonymous_38)
FNDA:0,renderTable
DA:4,1
DA:5,1
DA:6,1
DA:9,0
DA:11,0
DA:12,0
DA:13,0
DA:14,0
DA:15,0
DA:16,0
DA:17,0
DA:18,0
DA:19,0
DA:20,0
DA:21,0
DA:22,0
DA:23,0
DA:24,0
DA:25,0
DA:27,0
DA:28,0
DA:29,0
DA:31,0
DA:32,0
DA:34,0
DA:41,0
DA:42,0
DA:45,0
DA:46,0
DA:49,0
DA:51,0
DA:53,0
DA:55,0
DA:57,0
DA:59,0
DA:61,0
DA:63,0
DA:67,0
DA:68,0
DA:69,0
DA:74,0
DA:75,0
DA:76,0
DA:77,0
DA:78,0
DA:80,0
DA:81,0
DA:82,0
DA:83,0
DA:88,0
DA:89,0
DA:93,0
DA:94,0
DA:95,0
DA:97,0
DA:100,0
DA:101,0
DA:102,0
DA:103,0
DA:106,0
DA:110,0
DA:112,0
DA:113,0
DA:123,0
DA:124,0
DA:126,0
DA:127,0
DA:128,0
DA:129,0
DA:130,0
DA:134,0
DA:135,0
DA:136,0
DA:141,0
DA:151,0
DA:152,0
DA:153,0
DA:154,0
DA:157,0
DA:158,0
DA:160,0
DA:161,0
DA:162,0
DA:163,0
DA:165,0
DA:169,0
DA:170,0
DA:171,0
DA:172,0
DA:173,0
DA:176,0
DA:177,0
DA:179,0
DA:181,0
DA:182,0
DA:183,0
DA:184,0
DA:187,0
DA:189,0
DA:190,0
DA:191,0
DA:192,0
DA:196,0
DA:197,0
DA:198,0
DA:200,0
DA:203,0
DA:204,0
DA:205,0
DA:206,0
DA:209,0
DA:213,0
DA:214,0
DA:215,0
DA:216,0
DA:218,0
DA:219,0
DA:220,0
DA:221,0
DA:222,0
DA:225,0
DA:227,0
DA:228,0
DA:229,0
DA:230,0
DA:231,0
DA:234,0
DA:236,0
DA:237,0
DA:238,0
DA:239,0
DA:240,0
DA:243,0
DA:248,0
DA:249,0
DA:251,0
DA:252,0
DA:253,0
DA:254,0
DA:259,0
DA:261,0
DA:262,0
DA:266,0
DA:267,0
DA:268,0
DA:269,0
DA:270,0
DA:271,0
DA:272,0
DA:282,0
LF:150
LH:3
BRDA:49,0,0,0
BRDA:49,0,1,0
BRDA:49,0,2,0
BRDA:49,0,3,0
BRDA:49,0,4,0
BRDA:49,0,5,0
BRDA:49,0,6,0
BRDA:77,1,0,0
BRDA:77,1,1,0
BRDA:112,2,0,0
BRDA:112,2,1,0
BRDA:112,3,0,0
BRDA:112,3,1,0
BRDA:112,3,2,0
BRDA:112,3,3,0
BRDA:112,3,4,0
BRDA:112,3,5,0
BRDA:112,3,6,0
BRDA:151,4,0,0
BRDA:151,4,1,0
BRDA:151,5,0,0
BRDA:151,5,1,0
BRDA:151,5,2,0
BRDA:151,5,3,0
BRDA:151,5,4,0
BRDA:151,5,5,0
BRDA:151,5,6,0
BRDA:215,6,0,0
BRDA:215,6,1,0
BRDA:215,7,0,0
BRDA:215,7,1,0
BRDA:218,8,0,0
BRDA:218,8,1,0
BRDA:218,9,0,0
BRDA:218,9,1,0
BRDA:221,10,0,0
BRDA:221,10,1,0
BRDA:227,11,0,0
BRDA:227,11,1,0
BRDA:227,12,0,0
BRDA:227,12,1,0
BRDA:230,13,0,0
BRDA:230,13,1,0
BRDA:236,14,0,0
BRDA:236,14,1,0
BRDA:236,15,0,0
BRDA:236,15,1,0
BRDA:239,16,0,0
BRDA:239,16,1,0
BRDA:239,17,0,0
BRDA:239,17,1,0
BRF:51
BRH:0
end_of_record
TN:
SF:src\front\modules\request.js
FN:1,getCookie
FN:8,postRequest
FN:21,putRequest
FN:33,getRequest
FN:43,deleteRequest
FNF:5
FNH:0
FNDA:0,getCookie
FNDA:0,postRequest
FNDA:0,putRequest
FNDA:0,getRequest
FNDA:0,deleteRequest
DA:2,0
DA:5,0
DA:9,0
DA:10,0
DA:22,0
DA:23,0
DA:34,0
DA:35,0
DA:44,0
DA:45,0
LF:10
LH:0
BRDA:5,0,0,0
BRDA:5,0,1,0
BRF:2
BRH:0
end_of_record
TN:
SF:src\front\modules\valid.js
FN:1,valid
FNF:1
FNH:1
FNDA:8,valid
DA:3,8
DA:4,8
DA:5,8
DA:6,8
DA:7,8
DA:8,8
DA:10,8
DA:11,2
DA:14,6
DA:15,3
DA:18,3
DA:19,3
DA:20,11
DA:21,1
DA:24,10
DA:25,0
DA:30,2
LF:17
LH:16
BRDA:10,0,0,2
BRDA:10,0,1,6
BRDA:10,1,0,8
BRDA:10,1,1,2
BRDA:14,2,0,3
BRDA:14,2,1,3
BRDA:14,3,0,6
BRDA:14,3,1,6
BRDA:14,3,2,4
BRDA:14,3,3,4
BRDA:18,4,0,3
BRDA:18,4,1,0
BRDA:18,5,0,3
BRDA:18,5,1,3
BRDA:20,6,0,1
BRDA:20,6,1,10
BRDA:20,7,0,11
BRDA:20,7,1,10
BRDA:20,7,2,10
BRDA:24,8,0,0
BRDA:24,8,1,10
BRDA:24,9,0,10
BRDA:24,9,1,8
BRDA:24,9,2,10
BRF:24
BRH:22
end_of_record
TN:
SF:src\front\modules\main-page\changeCreds.js
FN:9,ChangeCreds
FN:21,(anonymous_1)
FN:24,(anonymous_2)
FN:29,(anonymous_3)
FN:35,resultMessageShow
FN:38,resultMessageHide
FNF:6
FNH:0
FNDA:0,ChangeCreds
FNDA:0,(anonymous_1)
FNDA:0,(anonymous_2)
FNDA:0,(anonymous_3)
FNDA:0,resultMessageShow
FNDA:0,resultMessageHide
DA:3,2
DA:4,2
DA:5,2
DA:7,2
DA:10,0
DA:11,0
DA:12,0
DA:13,0
DA:14,0
DA:15,0
DA:16,0
DA:17,0
DA:21,0
DA:22,0
DA:23,0
DA:24,0
DA:25,0
DA:28,0
DA:29,0
DA:30,0
DA:36,0
DA:39,0
LF:22
LH:4
BRDA:16,0,0,0
BRDA:16,0,1,0
BRDA:16,1,0,0
BRDA:16,1,1,0
BRDA:22,2,0,0
BRDA:22,2,1,0
BRF:6
BRH:0
end_of_record
TN:
SF:src\front\modules\main-page\clearAllPopup.js
FN:3,clearAllPopup
FN:11,(anonymous_1)
FN:14,(anonymous_2)
FN:17,(anonymous_3)
FN:20,(anonymous_4)
FN:23,(anonymous_5)
FN:26,(anonymous_6)
FNF:7
FNH:0
FNDA:0,clearAllPopup
FNDA:0,(anonymous_1)
FNDA:0,(anonymous_2)
FNDA:0,(anonymous_3)
FNDA:0,(anonymous_4)
FNDA:0,(anonymous_5)
FNDA:0,(anonymous_6)
DA:4,0
DA:5,0
DA:6,0
DA:7,0
DA:8,0
DA:9,0
DA:11,0
DA:12,0
DA:14,0
DA:15,0
DA:17,0
DA:18,0
DA:20,0
DA:21,0
DA:23,0
DA:24,0
DA:26,0
DA:27,0
LF:18
LH:0
BRF:0
BRH:0
end_of_record
TN:
SF:src\front\modules\main-page\controlPanelValidation.js
FN:8,(anonymous_0)
FN:11,(anonymous_1)
FN:16,(anonymous_2)
FN:25,(anonymous_3)
FN:37,(anonymous_4)
FN:49,(anonymous_5)
FN:62,(anonymous_6)
FN:74,(anonymous_7)
FN:88,controlPanelValidation
FN:91,(anonymous_9)
FN:92,(anonymous_10)
FNF:11
FNH:0
FNDA:0,(anonymous_0)
FNDA:0,(anonymous_1)
FNDA:0,(anonymous_2)
FNDA:0,(anonymous_3)
FNDA:0,(anonymous_4)
FNDA:0,(anonymous_5)
FNDA:0,(anonymous_6)
FNDA:0,(anonymous_7)
FNDA:0,controlPanelValidation
FNDA:0,(anonymous_9)
FNDA:0,(anonymous_10)
DA:2,1
DA:3,1
DA:4,1
DA:5,1
DA:6,1
DA:9,0
DA:12,0
DA:15,1
DA:17,0
DA:18,0
DA:19,0
DA:21,0
DA:22,0
DA:26,0
DA:27,0
DA:28,0
DA:29,0
DA:30,0
DA:32,0
DA:33,0
DA:34,0
DA:38,0
DA:39,0
DA:40,0
DA:41,0
DA:42,0
DA:44,0
DA:45,0
DA:46,0
DA:50,0
DA:51,0
DA:53,0
DA:54,0
DA:55,0
DA:57,0
DA:58,0
DA:59,0
DA:63,0
DA:64,0
DA:65,0
DA:66,0
DA:67,0
DA:69,0
DA:70,0
DA:71,0
DA:75,0
DA:76,0
DA:77,0
DA:78,0
DA:79,0
DA:81,0
DA:82,0
DA:83,0
DA:89,0
DA:91,0
DA:92,0
DA:93,0
DA:94,0
DA:95,0
DA:97,0
DA:98,0
DA:100,0
DA:101,0
DA:103,0
DA:104,0
DA:106,0
DA:107,0
DA:109,0
DA:110,0
DA:112,0
DA:113,0
DA:115,0
DA:116,0
LF:73
LH:6
BRDA:9,0,0,0
BRDA:9,0,1,0
BRDA:12,1,0,0
BRDA:12,1,1,0
BRDA:18,2,0,0
BRDA:18,2,1,0
BRDA:28,3,0,0
BRDA:28,3,1,0
BRDA:40,4,0,0
BRDA:40,4,1,0
BRDA:53,5,0,0
BRDA:53,5,1,0
BRDA:65,6,0,0
BRDA:65,6,1,0
BRDA:65,7,0,0
BRDA:65,7,1,0
BRDA:65,7,2,0
BRDA:77,8,0,0
BRDA:77,8,1,0
BRDA:95,9,0,0
BRDA:95,9,1,0
BRDA:95,9,2,0
BRDA:95,9,3,0
BRDA:95,9,4,0
BRDA:95,9,5,0
BRDA:95,9,6,0
BRF:26
BRH:0
end_of_record
TN:
SF:src\front\modules\main-page\deletePerson.js
FN:1,deletePerson
FN:19,(anonymous_1)
FN:22,(anonymous_2)
FN:49,(anonymous_3)
FN:72,clearInputs
FNF:5
FNH:0
FNDA:0,deletePerson
FNDA:0,(anonymous_1)
FNDA:0,(anonymous_2)
FNDA:0,(anonymous_3)
FNDA:0,clearInputs
DA:2,0
DA:3,0
DA:4,0
DA:5,0
DA:6,0
DA:7,0
DA:8,0
DA:9,0
DA:10,0
DA:11,0
DA:12,0
DA:14,0
DA:15,0
DA:16,0
DA:17,0
DA:19,0
DA:20,0
DA:21,0
DA:22,0
DA:23,0
DA:24,0
DA:25,0
DA:26,0
DA:27,0
DA:28,0
DA:29,0
DA:39,0
DA:40,0
DA:43,0
DA:49,0
DA:50,0
DA:51,0
DA:52,0
DA:53,0
DA:54,0
DA:55,0
DA:56,0
DA:57,0
DA:58,0
DA:59,0
DA:60,0
DA:62,0
DA:63,0
DA:64,0
DA:65,0
DA:66,0
DA:67,0
DA:68,0
DA:73,0
DA:74,0
DA:75,0
DA:76,0
DA:77,0
DA:78,0
DA:79,0
DA:80,0
LF:56
LH:0
BRDA:21,0,0,0
BRDA:21,0,1,0
BRDA:23,1,0,0
BRDA:23,1,1,0
BRDA:24,2,0,0
BRDA:24,2,1,0
BRDA:53,3,0,0
BRDA:53,3,1,0
BRF:8
BRH:0
end_of_record
TN:
SF:src\front\modules\main-page\inputsControl.js
FN:3,inputsControl
FN:12,(anonymous_1)
FN:19,clearInputsCP
FNF:3
FNH:1
FNDA:0,inputsControl
FNDA:0,(anonymous_1)
FNDA:2,clearInputsCP
DA:4,0
DA:5,0
DA:6,0
DA:7,0
DA:8,0
DA:9,0
DA:11,0
DA:12,0
DA:13,0
DA:14,0
DA:20,2
DA:21,2
DA:22,2
DA:23,2
DA:24,2
DA:25,2
DA:26,2
LF:17
LH:7
BRDA:13,0,0,0
BRDA:13,0,1,0
BRF:2
BRH:0
end_of_record
TN:
SF:src\front\modules\main-page\ripCookie.js
FN:1,getCookie
FN:16,checkCookie
FN:17,(anonymous_2)
FNF:3
FNH:0
FNDA:0,getCookie
FNDA:0,checkCookie
FNDA:0,(anonymous_2)
DA:2,0
DA:3,0
DA:4,0
DA:5,0
DA:6,0
DA:7,0
DA:9,0
DA:10,0
DA:13,0
DA:17,0
DA:18,0
DA:19,0
DA:20,0
DA:21,0
LF:14
LH:0
BRDA:9,0,0,0
BRDA:9,0,1,0
BRDA:19,1,0,0
BRDA:19,1,1,0
BRF:4
BRH:0
end_of_record
TN:
SF:src\front\modules\main-page\settingsPopup.js
FN:4,settingsPopup
FN:16,(anonymous_1)
FN:22,(anonymous_2)
FN:27,(anonymous_3)
FN:30,(anonymous_4)
FN:33,(anonymous_5)
FN:36,(anonymous_6)
FN:39,(anonymous_7)
FN:42,(anonymous_8)
FN:47,(anonymous_9)
FN:52,(anonymous_10)
FN:53,(anonymous_11)
FNF:12
FNH:0
FNDA:0,settingsPopup
FNDA:0,(anonymous_1)
FNDA:0,(anonymous_2)
FNDA:0,(anonymous_3)
FNDA:0,(anonymous_4)
FNDA:0,(anonymous_5)
FNDA:0,(anonymous_6)
FNDA:0,(anonymous_7)
FNDA:0,(anonymous_8)
FNDA:0,(anonymous_9)
FNDA:0,(anonymous_10)
FNDA:0,(anonymous_11)
DA:5,0
DA:6,0
DA:7,0
DA:8,0
DA:9,0
DA:10,0
DA:11,0
DA:12,0
DA:13,0
DA:14,0
DA:16,0
DA:17,0
DA:18,0
DA:19,0
DA:22,0
DA:23,0
DA:24,0
DA:27,0
DA:28,0
DA:30,0
DA:31,0
DA:33,0
DA:34,0
DA:36,0
DA:37,0
DA:39,0
DA:40,0
DA:42,0
DA:43,0
DA:44,0
DA:47,0
DA:48,0
DA:49,0
DA:52,0
DA:53,0
DA:54,0
LF:36
LH:0
BRDA:43,0,0,0
BRDA:43,0,1,0
BRDA:48,1,0,0
BRDA:48,1,1,0
BRF:4
BRH:0
end_of_record
TN:
SF:src\front\modules\main-page\sortData.js
FN:1,sortData
FN:14,(anonymous_1)
FN:22,(anonymous_2)
FN:25,(anonymous_3)
FN:28,(anonymous_4)
FN:31,(anonymous_5)
FN:34,(anonymous_6)
FN:37,(anonymous_7)
FN:40,(anonymous_8)
FN:44,sortTableByColumn
FN:50,(anonymous_10)
FN:60,(anonymous_11)
FN:66,sortAgeByColumn
FN:72,(anonymous_13)
FN:82,(anonymous_14)
FNF:15
FNH:0
FNDA:0,sortData
FNDA:0,(anonymous_1)
FNDA:0,(anonymous_2)
FNDA:0,(anonymous_3)
FNDA:0,(anonymous_4)
FNDA:0,(anonymous_5)
FNDA:0,(anonymous_6)
FNDA:0,(anonymous_7)
FNDA:0,(anonymous_8)
FNDA:0,sortTableByColumn
FNDA:0,(anonymous_10)
FNDA:0,(anonymous_11)
FNDA:0,sortAgeByColumn
FNDA:0,(anonymous_13)
FNDA:0,(anonymous_14)
DA:2,0
DA:3,0
DA:4,0
DA:5,0
DA:6,0
DA:7,0
DA:8,0
DA:9,0
DA:10,0
DA:11,0
DA:12,0
DA:14,0
DA:15,0
DA:16,0
DA:17,0
DA:18,0
DA:20,0
DA:22,0
DA:23,0
DA:25,0
DA:26,0
DA:28,0
DA:29,0
DA:31,0
DA:32,0
DA:34,0
DA:35,0
DA:37,0
DA:38,0
DA:40,0
DA:41,0
DA:45,0
DA:46,0
DA:47,0
DA:48,0
DA:50,0
DA:51,0
DA:52,0
DA:53,0
DA:55,0
DA:56,0
DA:58,0
DA:60,0
DA:61,0
DA:63,0
DA:64,0
DA:67,0
DA:68,0
DA:69,0
DA:70,0
DA:72,0
DA:73,0
DA:74,0
DA:75,0
DA:77,0
DA:78,0
DA:80,0
DA:82,0
DA:83,0
DA:85,0
DA:86,0
LF:61
LH:0
BRDA:44,0,0,0
BRDA:48,1,0,0
BRDA:48,1,1,0
BRDA:53,2,0,0
BRDA:53,2,1,0
BRDA:66,3,0,0
BRDA:70,4,0,0
BRDA:70,4,1,0
BRDA:75,5,0,0
BRDA:75,5,1,0
BRF:10
BRH:0
end_of_record
TN:
SF:src\front\modules\main-page\supportMain.js
FN:2,(anonymous_0)
FN:5,(anonymous_1)
FN:8,(anonymous_2)
FN:11,(anonymous_3)
FN:16,(anonymous_4)
FN:21,(anonymous_5)
FN:29,(anonymous_6)
FN:30,(anonymous_7)
FN:38,(anonymous_8)
FN:39,(anonymous_9)
FNF:10
FNH:8
FNDA:1,(anonymous_0)
FNDA:2,(anonymous_1)
FNDA:1,(anonymous_2)
FNDA:0,(anonymous_3)
FNDA:0,(anonymous_4)
FNDA:2,(anonymous_5)
FNDA:2,(anonymous_6)
FNDA:4,(anonymous_7)
FNDA:2,(anonymous_8)
FNDA:4,(anonymous_9)
DA:1,4
DA:3,1
DA:6,2
DA:9,1
DA:12,0
DA:13,0
DA:17,0
DA:18,0
DA:22,2
DA:23,1
DA:25,1
DA:26,2
DA:30,2
DA:31,4
DA:32,2
DA:33,2
DA:34,2
DA:39,2
DA:40,4
LF:19
LH:15
BRDA:12,0,0,0
BRDA:12,0,1,0
BRDA:17,1,0,0
BRDA:17,1,1,0
BRDA:22,2,0,1
BRDA:22,2,1,1
BRDA:31,3,0,2
BRDA:31,3,1,2
BRDA:33,4,0,2
BRDA:33,4,1,0
BRF:10
BRH:5
end_of_record
TN:
SF:src\front\modules\main-page\themeHandler.js
FN:1,themeHandler
FN:8,(anonymous_1)
FN:12,setTheme
FNF:3
FNH:0
FNDA:0,themeHandler
FNDA:0,(anonymous_1)
FNDA:0,setTheme
DA:2,0
DA:3,0
DA:4,0
DA:5,0
DA:6,0
DA:8,0
DA:9,0
DA:13,0
DA:14,0
DA:15,0
DA:16,0
DA:18,0
DA:19,0
DA:22,0
DA:23,0
LF:15
LH:0
BRDA:4,0,0,0
BRDA:4,0,1,0
BRDA:16,1,0,0
BRDA:16,1,1,0
BRF:4
BRH:0
end_of_record
